#
# There is insufficient memory for the Java Runtime Environment to continue.
# Native memory allocation (malloc) failed to allocate 32744 bytes for ChunkPool::allocate
# Possible reasons:
#   The system is out of physical RAM or swap space
#   The process is running with CompressedOops enabled, and the Java Heap may be blocking the growth of the native heap
# Possible solutions:
#   Reduce memory load on the system
#   Increase physical memory or swap space
#   Check if swap backing store is full
#   Decrease Java heap size (-Xmx/-Xms)
#   Decrease number of Java threads
#   Decrease Java thread stack sizes (-Xss)
#   Set larger code cache with -XX:ReservedCodeCacheSize=
#   JVM is running with Unscaled Compressed Oops mode in which the Java heap is
#     placed in the first 4GB address space. The Java Heap base address is the
#     maximum limit for the native heap growth. Please use -XX:HeapBaseMinAddress
#     to set the Java Heap base and to place the Java Heap above 4GB virtual address.
# This output file may be truncated or incomplete.
#
#  Out of Memory Error (t:/workspace/open/src/hotspot/share/memory/arena.cpp:81), pid=13240, tid=7460
#
# JRE version: Java(TM) SE Runtime Environment (12.0+33) (build 12+33)
# Java VM: Java HotSpot(TM) 64-Bit Server VM (12+33, mixed mode, sharing, tiered, compressed oops, g1 gc, windows-amd64)
# No core dump will be written. Minidumps are not enabled by default on client versions of Windows
#

---------------  S U M M A R Y ------------

Command Line: -Djava.library.path=C:\Program Files\Java\jdk-12\bin;C:\Windows\Sun\Java\bin;C:\Windows\system32;C:\Windows;C:/Program Files/Java/jdk-12/bin/server;C:/Program Files/Java/jdk-12/bin;C:\Windows\system32;C:\Windows;C:\Windows\System32\Wbem;C:\Windows\System32\WindowsPowerShell\v1.0\;C:\Windows\System32\OpenSSH\;C:\Program Files\nodejs\;C:\Program Files\Java\jdk-12\bin;C:\Program Files\Git\cmd;C:\Users\Ujjwal\AppData\Local\Microsoft\WindowsApps;;C:\Users\Ujjwal\AppData\Local\Programs\Microsoft VS Code\bin;C:\Users\Ujjwal\AppData\Roaming\npm;C:\Users\Ujjwal\Desktop;;. -Dnativeswing.localhostAddress=127.0.0.1 chrriis.dj.nativeswing.swtimpl.NativeInterface 2 50503

Host: Intel(R) Core(TM) i5-8250U CPU @ 1.60GHz, 8 cores, 7G,  Windows 10 , 64 bit Build 17763 (10.0.17763.475)
Time: Sun Aug 18 16:14:45 2019 India Standard Time elapsed time: 76 seconds (0d 0h 1m 16s)

---------------  T H R E A D  ---------------

Current thread (0x000001971f417000):  JavaThread "C1 CompilerThread0" daemon [_thread_in_native, id=7460, stack(0x0000004a3c600000,0x0000004a3c700000)]


Current CompileTask:
C1:  76067  265  s!   3       jdk.internal.loader.URLClassPath::getLoader (194 bytes)

Stack: [0x0000004a3c600000,0x0000004a3c700000]
Native frames: (J=compiled Java code, j=interpreted, Vv=VM code, C=native code)
V  [jvm.dll+0x63948a]
V  [jvm.dll+0x78b31f]
V  [jvm.dll+0x78c9c1]
V  [jvm.dll+0x78d013]
V  [jvm.dll+0x262138]
V  [jvm.dll+0xc5a56]
V  [jvm.dll+0xc5dac]
V  [jvm.dll+0x179eb9]
V  [jvm.dll+0x180476]
V  [jvm.dll+0x183269]
V  [jvm.dll+0x18392c]
V  [jvm.dll+0x17b3f4]
V  [jvm.dll+0x17a90f]
V  [jvm.dll+0x1844fb]
V  [jvm.dll+0x17ba38]
V  [jvm.dll+0x17ef3f]
V  [jvm.dll+0x1318ff]
V  [jvm.dll+0x131109]
V  [jvm.dll+0x13133f]
V  [jvm.dll+0x1304a7]
V  [jvm.dll+0x132557]
V  [jvm.dll+0x22a534]
V  [jvm.dll+0x228b88]
V  [jvm.dll+0x74f660]
V  [jvm.dll+0x748648]
V  [jvm.dll+0x638566]
C  [ucrtbase.dll+0x21ffa]
C  [KERNEL32.DLL+0x17974]
C  [ntdll.dll+0x6a271]


---------------  P R O C E S S  ---------------

Threads class SMR info:
_java_thread_list=0x000001971ffdfda0, length=13, elements={
0x000001977fa80000, 0x000001971f3f3000, 0x000001971f3f5000, 0x000001971f40e800,
0x000001971f410800, 0x000001971f412000, 0x000001971f417000, 0x000001971f41f800,
0x000001971fe72800, 0x000001971fe96000, 0x000001971ff47000, 0x000001971fed8800,
0x000001971fff0800
}

Java Threads: ( => current thread )
  0x000001977fa80000 JavaThread "main" [_thread_in_native, id=4124, stack(0x0000004a3ba00000,0x0000004a3bb00000)]
  0x000001971f3f3000 JavaThread "Reference Handler" daemon [_thread_blocked, id=8472, stack(0x0000004a3c100000,0x0000004a3c200000)]
  0x000001971f3f5000 JavaThread "Finalizer" daemon [_thread_blocked, id=9904, stack(0x0000004a3c200000,0x0000004a3c300000)]
  0x000001971f40e800 JavaThread "Signal Dispatcher" daemon [_thread_blocked, id=9452, stack(0x0000004a3c300000,0x0000004a3c400000)]
  0x000001971f410800 JavaThread "Attach Listener" daemon [_thread_blocked, id=2512, stack(0x0000004a3c400000,0x0000004a3c500000)]
  0x000001971f412000 JavaThread "C2 CompilerThread0" daemon [_thread_blocked, id=16280, stack(0x0000004a3c500000,0x0000004a3c600000)]
=>0x000001971f417000 JavaThread "C1 CompilerThread0" daemon [_thread_in_native, id=7460, stack(0x0000004a3c600000,0x0000004a3c700000)]
  0x000001971f41f800 JavaThread "Sweeper thread" daemon [_thread_blocked, id=14476, stack(0x0000004a3c700000,0x0000004a3c800000)]
  0x000001971fe72800 JavaThread "Service Thread" daemon [_thread_blocked, id=11068, stack(0x0000004a3c800000,0x0000004a3c900000)]
  0x000001971fe96000 JavaThread "Common-Cleaner" daemon [_thread_blocked, id=15756, stack(0x0000004a3ca00000,0x0000004a3cb00000)]
  0x000001971ff47000 JavaThread "NativeSwing[2] SWT Receiver" daemon [_thread_blocked, id=16828, stack(0x0000004a3cc00000,0x0000004a3cd00000)]
  0x000001971fed8800 JavaThread "Thread-0" [_thread_blocked, id=16904, stack(0x0000004a3b700000,0x0000004a3b800000)]
  0x000001971fff0800 JavaThread "Forced VM termination thread" [_thread_blocked, id=2764, stack(0x0000004a3b800000,0x0000004a3b900000)]

Other Threads:
  0x000001971f3f1000 VMThread "VM Thread" [stack: 0x0000004a3c000000,0x0000004a3c100000] [id=7888]
  0x000001971fe90800 WatcherThread [stack: 0x0000004a3c900000,0x0000004a3ca00000] [id=16892]
  0x000001977faba000 GCTaskThread "GC Thread#0" [stack: 0x0000004a3bb00000,0x0000004a3bc00000] [id=15828]
  0x000001977fac7800 ConcurrentGCThread "G1 Main Marker" [stack: 0x0000004a3bc00000,0x0000004a3bd00000] [id=15080]
  0x000001977fac9000 ConcurrentGCThread "G1 Conc#0" [stack: 0x0000004a3bd00000,0x0000004a3be00000] [id=15504]
  0x000001977fb4d800 ConcurrentGCThread "G1 Refine#0" [stack: 0x0000004a3be00000,0x0000004a3bf00000] [id=16344]
  0x000001977fb4e800 ConcurrentGCThread "G1 Young RemSet Sampling" [stack: 0x0000004a3bf00000,0x0000004a3c000000] [id=16780]

Threads with active compile tasks:
C1 CompilerThread0   265  s!   3       jdk.internal.loader.URLClassPath::getLoader (194 bytes)

VM state:not at safepoint (normal execution)

VM Mutex/Monitor currently owned by a thread: None

Heap address: 0x0000000081400000, size: 2028 MB, Compressed Oops mode: 32-bit
Narrow klass base: 0x0000000800000000, Narrow klass shift: 3
Compressed class space size: 1073741824 Address: 0x00000008011a0000

Heap:
 garbage-first heap   total 131072K, used 5120K [0x0000000081400000, 0x0000000100000000)
  region size 1024K, 7 young (7168K), 0 survivors (0K)
 Metaspace       used 3082K, capacity 5895K, committed 6016K, reserved 1058816K
  class space    used 289K, capacity 547K, committed 640K, reserved 1048576K
Heap Regions: E=young(eden), S=young(survivor), O=old, HS=humongous(starts), HC=humongous(continues), CS=collection set, F=free, A=archive, TAMS=top-at-mark-start (previous, next)
|   0|0x0000000081400000, 0x0000000081400000, 0x0000000081500000|  0%| F|  |TAMS 0x0000000081400000, 0x0000000081400000| Untracked 
|   1|0x0000000081500000, 0x0000000081500000, 0x0000000081600000|  0%| F|  |TAMS 0x0000000081500000, 0x0000000081500000| Untracked 
|   2|0x0000000081600000, 0x0000000081600000, 0x0000000081700000|  0%| F|  |TAMS 0x0000000081600000, 0x0000000081600000| Untracked 
|   3|0x0000000081700000, 0x0000000081700000, 0x0000000081800000|  0%| F|  |TAMS 0x0000000081700000, 0x0000000081700000| Untracked 
|   4|0x0000000081800000, 0x0000000081800000, 0x0000000081900000|  0%| F|  |TAMS 0x0000000081800000, 0x0000000081800000| Untracked 
|   5|0x0000000081900000, 0x0000000081900000, 0x0000000081a00000|  0%| F|  |TAMS 0x0000000081900000, 0x0000000081900000| Untracked 
|   6|0x0000000081a00000, 0x0000000081a00000, 0x0000000081b00000|  0%| F|  |TAMS 0x0000000081a00000, 0x0000000081a00000| Untracked 
|   7|0x0000000081b00000, 0x0000000081b00000, 0x0000000081c00000|  0%| F|  |TAMS 0x0000000081b00000, 0x0000000081b00000| Untracked 
|   8|0x0000000081c00000, 0x0000000081c00000, 0x0000000081d00000|  0%| F|  |TAMS 0x0000000081c00000, 0x0000000081c00000| Untracked 
|   9|0x0000000081d00000, 0x0000000081d00000, 0x0000000081e00000|  0%| F|  |TAMS 0x0000000081d00000, 0x0000000081d00000| Untracked 
|  10|0x0000000081e00000, 0x0000000081e00000, 0x0000000081f00000|  0%| F|  |TAMS 0x0000000081e00000, 0x0000000081e00000| Untracked 
|  11|0x0000000081f00000, 0x0000000081f00000, 0x0000000082000000|  0%| F|  |TAMS 0x0000000081f00000, 0x0000000081f00000| Untracked 
|  12|0x0000000082000000, 0x0000000082000000, 0x0000000082100000|  0%| F|  |TAMS 0x0000000082000000, 0x0000000082000000| Untracked 
|  13|0x0000000082100000, 0x0000000082100000, 0x0000000082200000|  0%| F|  |TAMS 0x0000000082100000, 0x0000000082100000| Untracked 
|  14|0x0000000082200000, 0x0000000082200000, 0x0000000082300000|  0%| F|  |TAMS 0x0000000082200000, 0x0000000082200000| Untracked 
|  15|0x0000000082300000, 0x0000000082300000, 0x0000000082400000|  0%| F|  |TAMS 0x0000000082300000, 0x0000000082300000| Untracked 
|  16|0x0000000082400000, 0x0000000082400000, 0x0000000082500000|  0%| F|  |TAMS 0x0000000082400000, 0x0000000082400000| Untracked 
|  17|0x0000000082500000, 0x0000000082500000, 0x0000000082600000|  0%| F|  |TAMS 0x0000000082500000, 0x0000000082500000| Untracked 
|  18|0x0000000082600000, 0x0000000082600000, 0x0000000082700000|  0%| F|  |TAMS 0x0000000082600000, 0x0000000082600000| Untracked 
|  19|0x0000000082700000, 0x0000000082700000, 0x0000000082800000|  0%| F|  |TAMS 0x0000000082700000, 0x0000000082700000| Untracked 
|  20|0x0000000082800000, 0x0000000082800000, 0x0000000082900000|  0%| F|  |TAMS 0x0000000082800000, 0x0000000082800000| Untracked 
|  21|0x0000000082900000, 0x0000000082900000, 0x0000000082a00000|  0%| F|  |TAMS 0x0000000082900000, 0x0000000082900000| Untracked 
|  22|0x0000000082a00000, 0x0000000082a00000, 0x0000000082b00000|  0%| F|  |TAMS 0x0000000082a00000, 0x0000000082a00000| Untracked 
|  23|0x0000000082b00000, 0x0000000082b00000, 0x0000000082c00000|  0%| F|  |TAMS 0x0000000082b00000, 0x0000000082b00000| Untracked 
|  24|0x0000000082c00000, 0x0000000082c00000, 0x0000000082d00000|  0%| F|  |TAMS 0x0000000082c00000, 0x0000000082c00000| Untracked 
|  25|0x0000000082d00000, 0x0000000082d00000, 0x0000000082e00000|  0%| F|  |TAMS 0x0000000082d00000, 0x0000000082d00000| Untracked 
|  26|0x0000000082e00000, 0x0000000082e00000, 0x0000000082f00000|  0%| F|  |TAMS 0x0000000082e00000, 0x0000000082e00000| Untracked 
|  27|0x0000000082f00000, 0x0000000082f00000, 0x0000000083000000|  0%| F|  |TAMS 0x0000000082f00000, 0x0000000082f00000| Untracked 
|  28|0x0000000083000000, 0x0000000083000000, 0x0000000083100000|  0%| F|  |TAMS 0x0000000083000000, 0x0000000083000000| Untracked 
|  29|0x0000000083100000, 0x0000000083100000, 0x0000000083200000|  0%| F|  |TAMS 0x0000000083100000, 0x0000000083100000| Untracked 
|  30|0x0000000083200000, 0x0000000083200000, 0x0000000083300000|  0%| F|  |TAMS 0x0000000083200000, 0x0000000083200000| Untracked 
|  31|0x0000000083300000, 0x0000000083300000, 0x0000000083400000|  0%| F|  |TAMS 0x0000000083300000, 0x0000000083300000| Untracked 
|  32|0x0000000083400000, 0x0000000083400000, 0x0000000083500000|  0%| F|  |TAMS 0x0000000083400000, 0x0000000083400000| Untracked 
|  33|0x0000000083500000, 0x0000000083500000, 0x0000000083600000|  0%| F|  |TAMS 0x0000000083500000, 0x0000000083500000| Untracked 
|  34|0x0000000083600000, 0x0000000083600000, 0x0000000083700000|  0%| F|  |TAMS 0x0000000083600000, 0x0000000083600000| Untracked 
|  35|0x0000000083700000, 0x0000000083700000, 0x0000000083800000|  0%| F|  |TAMS 0x0000000083700000, 0x0000000083700000| Untracked 
|  36|0x0000000083800000, 0x0000000083800000, 0x0000000083900000|  0%| F|  |TAMS 0x0000000083800000, 0x0000000083800000| Untracked 
|  37|0x0000000083900000, 0x0000000083900000, 0x0000000083a00000|  0%| F|  |TAMS 0x0000000083900000, 0x0000000083900000| Untracked 
|  38|0x0000000083a00000, 0x0000000083a00000, 0x0000000083b00000|  0%| F|  |TAMS 0x0000000083a00000, 0x0000000083a00000| Untracked 
|  39|0x0000000083b00000, 0x0000000083b00000, 0x0000000083c00000|  0%| F|  |TAMS 0x0000000083b00000, 0x0000000083b00000| Untracked 
|  40|0x0000000083c00000, 0x0000000083c00000, 0x0000000083d00000|  0%| F|  |TAMS 0x0000000083c00000, 0x0000000083c00000| Untracked 
|  41|0x0000000083d00000, 0x0000000083d00000, 0x0000000083e00000|  0%| F|  |TAMS 0x0000000083d00000, 0x0000000083d00000| Untracked 
|  42|0x0000000083e00000, 0x0000000083e00000, 0x0000000083f00000|  0%| F|  |TAMS 0x0000000083e00000, 0x0000000083e00000| Untracked 
|  43|0x0000000083f00000, 0x0000000083f00000, 0x0000000084000000|  0%| F|  |TAMS 0x0000000083f00000, 0x0000000083f00000| Untracked 
|  44|0x0000000084000000, 0x0000000084000000, 0x0000000084100000|  0%| F|  |TAMS 0x0000000084000000, 0x0000000084000000| Untracked 
|  45|0x0000000084100000, 0x0000000084100000, 0x0000000084200000|  0%| F|  |TAMS 0x0000000084100000, 0x0000000084100000| Untracked 
|  46|0x0000000084200000, 0x0000000084200000, 0x0000000084300000|  0%| F|  |TAMS 0x0000000084200000, 0x0000000084200000| Untracked 
|  47|0x0000000084300000, 0x0000000084300000, 0x0000000084400000|  0%| F|  |TAMS 0x0000000084300000, 0x0000000084300000| Untracked 
|  48|0x0000000084400000, 0x0000000084400000, 0x0000000084500000|  0%| F|  |TAMS 0x0000000084400000, 0x0000000084400000| Untracked 
|  49|0x0000000084500000, 0x0000000084500000, 0x0000000084600000|  0%| F|  |TAMS 0x0000000084500000, 0x0000000084500000| Untracked 
|  50|0x0000000084600000, 0x0000000084600000, 0x0000000084700000|  0%| F|  |TAMS 0x0000000084600000, 0x0000000084600000| Untracked 
|  51|0x0000000084700000, 0x0000000084700000, 0x0000000084800000|  0%| F|  |TAMS 0x0000000084700000, 0x0000000084700000| Untracked 
|  52|0x0000000084800000, 0x0000000084800000, 0x0000000084900000|  0%| F|  |TAMS 0x0000000084800000, 0x0000000084800000| Untracked 
|  53|0x0000000084900000, 0x0000000084900000, 0x0000000084a00000|  0%| F|  |TAMS 0x0000000084900000, 0x0000000084900000| Untracked 
|  54|0x0000000084a00000, 0x0000000084a00000, 0x0000000084b00000|  0%| F|  |TAMS 0x0000000084a00000, 0x0000000084a00000| Untracked 
|  55|0x0000000084b00000, 0x0000000084b00000, 0x0000000084c00000|  0%| F|  |TAMS 0x0000000084b00000, 0x0000000084b00000| Untracked 
|  56|0x0000000084c00000, 0x0000000084c00000, 0x0000000084d00000|  0%| F|  |TAMS 0x0000000084c00000, 0x0000000084c00000| Untracked 
|  57|0x0000000084d00000, 0x0000000084d00000, 0x0000000084e00000|  0%| F|  |TAMS 0x0000000084d00000, 0x0000000084d00000| Untracked 
|  58|0x0000000084e00000, 0x0000000084e00000, 0x0000000084f00000|  0%| F|  |TAMS 0x0000000084e00000, 0x0000000084e00000| Untracked 
|  59|0x0000000084f00000, 0x0000000084f00000, 0x0000000085000000|  0%| F|  |TAMS 0x0000000084f00000, 0x0000000084f00000| Untracked 
|  60|0x0000000085000000, 0x0000000085000000, 0x0000000085100000|  0%| F|  |TAMS 0x0000000085000000, 0x0000000085000000| Untracked 
|  61|0x0000000085100000, 0x0000000085100000, 0x0000000085200000|  0%| F|  |TAMS 0x0000000085100000, 0x0000000085100000| Untracked 
|  62|0x0000000085200000, 0x0000000085200000, 0x0000000085300000|  0%| F|  |TAMS 0x0000000085200000, 0x0000000085200000| Untracked 
|  63|0x0000000085300000, 0x0000000085300000, 0x0000000085400000|  0%| F|  |TAMS 0x0000000085300000, 0x0000000085300000| Untracked 
|  64|0x0000000085400000, 0x0000000085400000, 0x0000000085500000|  0%| F|  |TAMS 0x0000000085400000, 0x0000000085400000| Untracked 
|  65|0x0000000085500000, 0x0000000085500000, 0x0000000085600000|  0%| F|  |TAMS 0x0000000085500000, 0x0000000085500000| Untracked 
|  66|0x0000000085600000, 0x0000000085600000, 0x0000000085700000|  0%| F|  |TAMS 0x0000000085600000, 0x0000000085600000| Untracked 
|  67|0x0000000085700000, 0x0000000085700000, 0x0000000085800000|  0%| F|  |TAMS 0x0000000085700000, 0x0000000085700000| Untracked 
|  68|0x0000000085800000, 0x0000000085800000, 0x0000000085900000|  0%| F|  |TAMS 0x0000000085800000, 0x0000000085800000| Untracked 
|  69|0x0000000085900000, 0x0000000085900000, 0x0000000085a00000|  0%| F|  |TAMS 0x0000000085900000, 0x0000000085900000| Untracked 
|  70|0x0000000085a00000, 0x0000000085a00000, 0x0000000085b00000|  0%| F|  |TAMS 0x0000000085a00000, 0x0000000085a00000| Untracked 
|  71|0x0000000085b00000, 0x0000000085b00000, 0x0000000085c00000|  0%| F|  |TAMS 0x0000000085b00000, 0x0000000085b00000| Untracked 
|  72|0x0000000085c00000, 0x0000000085c00000, 0x0000000085d00000|  0%| F|  |TAMS 0x0000000085c00000, 0x0000000085c00000| Untracked 
|  73|0x0000000085d00000, 0x0000000085d00000, 0x0000000085e00000|  0%| F|  |TAMS 0x0000000085d00000, 0x0000000085d00000| Untracked 
|  74|0x0000000085e00000, 0x0000000085e00000, 0x0000000085f00000|  0%| F|  |TAMS 0x0000000085e00000, 0x0000000085e00000| Untracked 
|  75|0x0000000085f00000, 0x0000000085f00000, 0x0000000086000000|  0%| F|  |TAMS 0x0000000085f00000, 0x0000000085f00000| Untracked 
|  76|0x0000000086000000, 0x0000000086000000, 0x0000000086100000|  0%| F|  |TAMS 0x0000000086000000, 0x0000000086000000| Untracked 
|  77|0x0000000086100000, 0x0000000086100000, 0x0000000086200000|  0%| F|  |TAMS 0x0000000086100000, 0x0000000086100000| Untracked 
|  78|0x0000000086200000, 0x0000000086200000, 0x0000000086300000|  0%| F|  |TAMS 0x0000000086200000, 0x0000000086200000| Untracked 
|  79|0x0000000086300000, 0x0000000086300000, 0x0000000086400000|  0%| F|  |TAMS 0x0000000086300000, 0x0000000086300000| Untracked 
|  80|0x0000000086400000, 0x0000000086400000, 0x0000000086500000|  0%| F|  |TAMS 0x0000000086400000, 0x0000000086400000| Untracked 
|  81|0x0000000086500000, 0x0000000086500000, 0x0000000086600000|  0%| F|  |TAMS 0x0000000086500000, 0x0000000086500000| Untracked 
|  82|0x0000000086600000, 0x0000000086600000, 0x0000000086700000|  0%| F|  |TAMS 0x0000000086600000, 0x0000000086600000| Untracked 
|  83|0x0000000086700000, 0x0000000086700000, 0x0000000086800000|  0%| F|  |TAMS 0x0000000086700000, 0x0000000086700000| Untracked 
|  84|0x0000000086800000, 0x0000000086800000, 0x0000000086900000|  0%| F|  |TAMS 0x0000000086800000, 0x0000000086800000| Untracked 
|  85|0x0000000086900000, 0x0000000086900000, 0x0000000086a00000|  0%| F|  |TAMS 0x0000000086900000, 0x0000000086900000| Untracked 
|  86|0x0000000086a00000, 0x0000000086a00000, 0x0000000086b00000|  0%| F|  |TAMS 0x0000000086a00000, 0x0000000086a00000| Untracked 
|  87|0x0000000086b00000, 0x0000000086b00000, 0x0000000086c00000|  0%| F|  |TAMS 0x0000000086b00000, 0x0000000086b00000| Untracked 
|  88|0x0000000086c00000, 0x0000000086c00000, 0x0000000086d00000|  0%| F|  |TAMS 0x0000000086c00000, 0x0000000086c00000| Untracked 
|  89|0x0000000086d00000, 0x0000000086d00000, 0x0000000086e00000|  0%| F|  |TAMS 0x0000000086d00000, 0x0000000086d00000| Untracked 
|  90|0x0000000086e00000, 0x0000000086e00000, 0x0000000086f00000|  0%| F|  |TAMS 0x0000000086e00000, 0x0000000086e00000| Untracked 
|  91|0x0000000086f00000, 0x0000000086f00000, 0x0000000087000000|  0%| F|  |TAMS 0x0000000086f00000, 0x0000000086f00000| Untracked 
|  92|0x0000000087000000, 0x0000000087000000, 0x0000000087100000|  0%| F|  |TAMS 0x0000000087000000, 0x0000000087000000| Untracked 
|  93|0x0000000087100000, 0x0000000087100000, 0x0000000087200000|  0%| F|  |TAMS 0x0000000087100000, 0x0000000087100000| Untracked 
|  94|0x0000000087200000, 0x0000000087200000, 0x0000000087300000|  0%| F|  |TAMS 0x0000000087200000, 0x0000000087200000| Untracked 
|  95|0x0000000087300000, 0x0000000087300000, 0x0000000087400000|  0%| F|  |TAMS 0x0000000087300000, 0x0000000087300000| Untracked 
|  96|0x0000000087400000, 0x0000000087400000, 0x0000000087500000|  0%| F|  |TAMS 0x0000000087400000, 0x0000000087400000| Untracked 
|  97|0x0000000087500000, 0x0000000087500000, 0x0000000087600000|  0%| F|  |TAMS 0x0000000087500000, 0x0000000087500000| Untracked 
|  98|0x0000000087600000, 0x0000000087600000, 0x0000000087700000|  0%| F|  |TAMS 0x0000000087600000, 0x0000000087600000| Untracked 
|  99|0x0000000087700000, 0x0000000087700000, 0x0000000087800000|  0%| F|  |TAMS 0x0000000087700000, 0x0000000087700000| Untracked 
| 100|0x0000000087800000, 0x0000000087800000, 0x0000000087900000|  0%| F|  |TAMS 0x0000000087800000, 0x0000000087800000| Untracked 
| 101|0x0000000087900000, 0x0000000087900000, 0x0000000087a00000|  0%| F|  |TAMS 0x0000000087900000, 0x0000000087900000| Untracked 
| 102|0x0000000087a00000, 0x0000000087a00000, 0x0000000087b00000|  0%| F|  |TAMS 0x0000000087a00000, 0x0000000087a00000| Untracked 
| 103|0x0000000087b00000, 0x0000000087b00000, 0x0000000087c00000|  0%| F|  |TAMS 0x0000000087b00000, 0x0000000087b00000| Untracked 
| 104|0x0000000087c00000, 0x0000000087c00000, 0x0000000087d00000|  0%| F|  |TAMS 0x0000000087c00000, 0x0000000087c00000| Untracked 
| 105|0x0000000087d00000, 0x0000000087d00000, 0x0000000087e00000|  0%| F|  |TAMS 0x0000000087d00000, 0x0000000087d00000| Untracked 
| 106|0x0000000087e00000, 0x0000000087e00000, 0x0000000087f00000|  0%| F|  |TAMS 0x0000000087e00000, 0x0000000087e00000| Untracked 
| 107|0x0000000087f00000, 0x0000000087f00000, 0x0000000088000000|  0%| F|  |TAMS 0x0000000087f00000, 0x0000000087f00000| Untracked 
| 108|0x0000000088000000, 0x0000000088000000, 0x0000000088100000|  0%| F|  |TAMS 0x0000000088000000, 0x0000000088000000| Untracked 
| 109|0x0000000088100000, 0x0000000088100000, 0x0000000088200000|  0%| F|  |TAMS 0x0000000088100000, 0x0000000088100000| Untracked 
| 110|0x0000000088200000, 0x0000000088200000, 0x0000000088300000|  0%| F|  |TAMS 0x0000000088200000, 0x0000000088200000| Untracked 
| 111|0x0000000088300000, 0x0000000088300000, 0x0000000088400000|  0%| F|  |TAMS 0x0000000088300000, 0x0000000088300000| Untracked 
| 112|0x0000000088400000, 0x0000000088400000, 0x0000000088500000|  0%| F|  |TAMS 0x0000000088400000, 0x0000000088400000| Untracked 
| 113|0x0000000088500000, 0x0000000088500000, 0x0000000088600000|  0%| F|  |TAMS 0x0000000088500000, 0x0000000088500000| Untracked 
| 114|0x0000000088600000, 0x0000000088600000, 0x0000000088700000|  0%| F|  |TAMS 0x0000000088600000, 0x0000000088600000| Untracked 
| 115|0x0000000088700000, 0x0000000088700000, 0x0000000088800000|  0%| F|  |TAMS 0x0000000088700000, 0x0000000088700000| Untracked 
| 116|0x0000000088800000, 0x0000000088800000, 0x0000000088900000|  0%| F|  |TAMS 0x0000000088800000, 0x0000000088800000| Untracked 
| 117|0x0000000088900000, 0x0000000088900000, 0x0000000088a00000|  0%| F|  |TAMS 0x0000000088900000, 0x0000000088900000| Untracked 
| 118|0x0000000088a00000, 0x0000000088a00000, 0x0000000088b00000|  0%| F|  |TAMS 0x0000000088a00000, 0x0000000088a00000| Untracked 
| 119|0x0000000088b00000, 0x0000000088b00000, 0x0000000088c00000|  0%| F|  |TAMS 0x0000000088b00000, 0x0000000088b00000| Untracked 
| 120|0x0000000088c00000, 0x0000000088c00000, 0x0000000088d00000|  0%| F|  |TAMS 0x0000000088c00000, 0x0000000088c00000| Untracked 
| 121|0x0000000088d00000, 0x0000000088d822e0, 0x0000000088e00000| 50%| E|  |TAMS 0x0000000088d00000, 0x0000000088d00000| Complete 
| 122|0x0000000088e00000, 0x0000000088f00000, 0x0000000088f00000|100%| E|CS|TAMS 0x0000000088e00000, 0x0000000088e00000| Complete 
| 123|0x0000000088f00000, 0x0000000089000000, 0x0000000089000000|100%| E|CS|TAMS 0x0000000088f00000, 0x0000000088f00000| Complete 
| 124|0x0000000089000000, 0x0000000089100000, 0x0000000089100000|100%| E|CS|TAMS 0x0000000089000000, 0x0000000089000000| Complete 
| 125|0x0000000089100000, 0x0000000089200000, 0x0000000089200000|100%| E|CS|TAMS 0x0000000089100000, 0x0000000089100000| Complete 
| 126|0x0000000089200000, 0x0000000089300000, 0x0000000089300000|100%| E|  |TAMS 0x0000000089200000, 0x0000000089200000| Complete 
| 127|0x0000000089300000, 0x0000000089400000, 0x0000000089400000|100%| E|CS|TAMS 0x0000000089300000, 0x0000000089300000| Complete 

Card table byte_map: [0x00000197181e0000,0x00000197185e0000] _byte_map_base: 0x0000019717dd6000

Marking Bits (Prev, Next): (CMBitMap*) 0x000001977fabab98, (CMBitMap*) 0x000001977fababd8
 Prev Bits: [0x00000197189e0000, 0x000001971a990000)
 Next Bits: [0x000001971a990000, 0x000001971c940000)

Polling page: 0x0000019700000000

Metaspace:

Usage:
  Non-class:      5.22 MB capacity,     2.73 MB ( 52%) used,     2.49 MB ( 48%) free+waste,     4.63 KB ( <1%) overhead. 
      Class:    547.00 KB capacity,   289.40 KB ( 53%) used,   255.35 KB ( 47%) free+waste,     2.25 KB ( <1%) overhead. 
       Both:      5.76 MB capacity,     3.01 MB ( 52%) used,     2.74 MB ( 48%) free+waste,     6.88 KB ( <1%) overhead. 

Virtual space:
  Non-class space:       10.00 MB reserved,       5.25 MB ( 52%) committed 
      Class space:        1.00 GB reserved,     640.00 KB ( <1%) committed 
             Both:        1.01 GB reserved,       5.88 MB ( <1%) committed 

Chunk freelists:
   Non-Class:  3.50 KB
       Class:  0 bytes
        Both:  3.50 KB

CodeHeap 'non-profiled nmethods': size=120000Kb used=70Kb max_used=70Kb free=119929Kb
 bounds [0x000001970fe20000, 0x0000019710090000, 0x0000019717350000]
CodeHeap 'profiled nmethods': size=120000Kb used=407Kb max_used=407Kb free=119592Kb
 bounds [0x00000197088f0000, 0x0000019708b60000, 0x000001970fe20000]
CodeHeap 'non-nmethods': size=5760Kb used=1172Kb max_used=1183Kb free=4587Kb
 bounds [0x0000019708350000, 0x00000197085c0000, 0x00000197088f0000]
 total_blobs=865 nmethods=271 adapters=423
 compilation: enabled
              stopped_count=0, restarted_count=0
 full_count=0

Compilation events (10 events):
Event: 75.135 Thread 0x000001971f417000 nmethod 260 0x0000019708953410 code [0x0000019708953600, 0x0000019708953950]
Event: 75.135 Thread 0x000001971f417000  261       3       java.lang.System$2::getBytesUTF8NoRepl (5 bytes)
Event: 75.135 Thread 0x000001971f417000 nmethod 261 0x0000019708953a90 code [0x0000019708953c60, 0x0000019708953f30]
Event: 75.136 Thread 0x000001971f417000  262   !   3       jdk.internal.loader.URLClassPath$JarLoader::ensureOpen (36 bytes)
Event: 75.137 Thread 0x000001971f417000 nmethod 262 0x0000019708954090 code [0x0000019708954320, 0x0000019708954c20]
Event: 75.137 Thread 0x000001971f417000  263       3       java.util.jar.JarFile::getEntry0 (24 bytes)
Event: 75.138 Thread 0x000001971f417000 nmethod 263 0x0000019708955090 code [0x0000019708955280, 0x0000019708955850]
Event: 75.138 Thread 0x000001971f417000  264       3       java.io.RandomAccessFile::read (8 bytes)
Event: 75.138 Thread 0x000001971f417000 nmethod 264 0x0000019708955a10 code [0x0000019708955be0, 0x0000019708955d90]
Event: 75.138 Thread 0x000001971f417000  265  s!   3       jdk.internal.loader.URLClassPath::getLoader (194 bytes)

GC Heap History (0 events):
No events

Deoptimization events (1 events):
Event: 0.499 Thread 0x000001977fa80000 Uncommon trap: reason=unstable_if action=reinterpret pc=0x000001970fe24ba4 method=java.lang.String.hashCode()I @ 14 c2

Classes redefined (0 events):
No events

Internal exceptions (5 events):
Event: 0.541 Thread 0x000001971ff47000 Exception <a 'java/lang/NoSuchMethodError'{0x0000000088f4ff90}: <clinit>> (0x0000000088f4ff90) thrown at [t:/workspace/open/src/hotspot/share/prims/jni.cpp, line 1362]
Event: 0.545 Thread 0x000001971ff47000 Exception <a 'java/lang/NoSuchMethodError'{0x0000000088f6a768}: <clinit>> (0x0000000088f6a768) thrown at [t:/workspace/open/src/hotspot/share/prims/jni.cpp, line 1362]
Event: 0.552 Thread 0x000001971fff0800 Exception <a 'java/lang/NoSuchMethodError'{0x0000000088ffe098}: <clinit>> (0x0000000088ffe098) thrown at [t:/workspace/open/src/hotspot/share/prims/jni.cpp, line 1362]
Event: 0.553 Thread 0x000001971fff0800 Exception <a 'java/lang/NoSuchMethodError'{0x0000000088fff3e0}: <clinit>> (0x0000000088fff3e0) thrown at [t:/workspace/open/src/hotspot/share/prims/jni.cpp, line 1362]
Event: 0.556 Thread 0x000001971fff0800 Exception <a 'java/lang/NoSuchMethodError'{0x0000000088e080e8}: <clinit>> (0x0000000088e080e8) thrown at [t:/workspace/open/src/hotspot/share/prims/jni.cpp, line 1362]

Events (10 events):
Event: 75.134 loading class org/eclipse/swt/widgets/Shell
Event: 75.134 loading class org/eclipse/swt/widgets/Shell done
Event: 75.136 loading class org/eclipse/swt/widgets/Decorations
Event: 75.136 loading class org/eclipse/swt/widgets/Decorations done
Event: 75.137 loading class org/eclipse/swt/widgets/Canvas
Event: 75.137 loading class org/eclipse/swt/widgets/Canvas done
Event: 75.138 loading class org/eclipse/swt/widgets/Composite
Event: 75.138 loading class org/eclipse/swt/widgets/Composite done
Event: 75.140 loading class org/eclipse/swt/widgets/Scrollable
Event: 75.140 loading class org/eclipse/swt/widgets/Scrollable done


Dynamic libraries:
0x00007ff7c8400000 - 0x00007ff7c840f000 	C:\Program Files\Java\jdk-12\bin\java.exe
0x00007fff6b310000 - 0x00007fff6b4fd000 	C:\Windows\SYSTEM32\ntdll.dll
0x00007fff6b220000 - 0x00007fff6b2d3000 	C:\Windows\System32\KERNEL32.DLL
0x00007fff67520000 - 0x00007fff677b3000 	C:\Windows\System32\KERNELBASE.dll
0x00007fff67960000 - 0x00007fff67a5a000 	C:\Windows\System32\ucrtbase.dll
0x00007fff5bfd0000 - 0x00007fff5bfe8000 	C:\Program Files\Java\jdk-12\bin\jli.dll
0x00007fff5bfb0000 - 0x00007fff5bfc6000 	C:\Program Files\Java\jdk-12\bin\VCRUNTIME140.dll
0x00007fff68570000 - 0x00007fff68613000 	C:\Windows\System32\ADVAPI32.dll
0x00007fff68e30000 - 0x00007fff68ece000 	C:\Windows\System32\msvcrt.dll
0x00007fff6afe0000 - 0x00007fff6b07e000 	C:\Windows\System32\sechost.dll
0x00007fff68810000 - 0x00007fff68932000 	C:\Windows\System32\RPCRT4.dll
0x00007fff6b080000 - 0x00007fff6b217000 	C:\Windows\System32\USER32.dll
0x00007fff67500000 - 0x00007fff67520000 	C:\Windows\System32\win32u.dll
0x00007fff4ec90000 - 0x00007fff4ef09000 	C:\Windows\WinSxS\amd64_microsoft.windows.common-controls_6595b64144ccf1df_6.0.17763.678_none_05b74150071d72bf\COMCTL32.dll
0x00007fff68540000 - 0x00007fff68569000 	C:\Windows\System32\GDI32.dll
0x00007fff6aba0000 - 0x00007fff6aecc000 	C:\Windows\System32\combase.dll
0x00007fff677c0000 - 0x00007fff67959000 	C:\Windows\System32\gdi32full.dll
0x00007fff67430000 - 0x00007fff674d0000 	C:\Windows\System32\msvcp_win.dll
0x00007fff684a0000 - 0x00007fff6851e000 	C:\Windows\System32\bcryptPrimitives.dll
0x00007fff5b1c0000 - 0x00007fff5b1ca000 	C:\Windows\SYSTEM32\VERSION.dll
0x00007fff68b30000 - 0x00007fff68b5e000 	C:\Windows\System32\IMM32.DLL
0x00007fff5bc00000 - 0x00007fff5bcaa000 	C:\Program Files\Java\jdk-12\bin\msvcp140.dll
0x00007fff3e060000 - 0x00007fff3ebd4000 	C:\Program Files\Java\jdk-12\bin\server\jvm.dll
0x00007fff68e20000 - 0x00007fff68e28000 	C:\Windows\System32\PSAPI.DLL
0x00007fff59b30000 - 0x00007fff59b39000 	C:\Windows\SYSTEM32\WSOCK32.dll
0x00007fff63e70000 - 0x00007fff63e94000 	C:\Windows\SYSTEM32\WINMM.dll
0x00007fff68f50000 - 0x00007fff68fbd000 	C:\Windows\System32\WS2_32.dll
0x00007fff63e20000 - 0x00007fff63e4d000 	C:\Windows\SYSTEM32\winmmbase.dll
0x00007fff673e0000 - 0x00007fff6742a000 	C:\Windows\System32\cfgmgr32.dll
0x00007fff67310000 - 0x00007fff67321000 	C:\Windows\System32\kernel.appcore.dll
0x00007fff4e500000 - 0x00007fff4e511000 	C:\Program Files\Java\jdk-12\bin\verify.dll
0x00007fff65fc0000 - 0x00007fff661ad000 	C:\Windows\SYSTEM32\DBGHELP.DLL
0x00007fff56540000 - 0x00007fff5656a000 	C:\Windows\SYSTEM32\dbgcore.DLL
0x00007fff4e270000 - 0x00007fff4e296000 	C:\Program Files\Java\jdk-12\bin\java.dll
0x00007fff4e250000 - 0x00007fff4e267000 	C:\Program Files\Java\jdk-12\bin\zip.dll
0x00007fff4e690000 - 0x00007fff4e69a000 	C:\Program Files\Java\jdk-12\bin\jimage.dll
0x00007fff69020000 - 0x00007fff6a510000 	C:\Windows\System32\SHELL32.dll
0x00007fff68d70000 - 0x00007fff68e18000 	C:\Windows\System32\shcore.dll
0x00007fff67b10000 - 0x00007fff6825a000 	C:\Windows\System32\windows.storage.dll
0x00007fff67330000 - 0x00007fff67354000 	C:\Windows\System32\profapi.dll
0x00007fff67380000 - 0x00007fff673dd000 	C:\Windows\System32\powrprof.dll
0x00007fff68ab0000 - 0x00007fff68b02000 	C:\Windows\System32\shlwapi.dll
0x00007fff68520000 - 0x00007fff68537000 	C:\Windows\System32\cryptsp.dll
0x00007fff3fff0000 - 0x00007fff40009000 	C:\Program Files\Java\jdk-12\bin\net.dll
0x00007fff59f90000 - 0x00007fff5a082000 	C:\Windows\SYSTEM32\WINHTTP.dll
0x00007fff5e730000 - 0x00007fff5e907000 	C:\Windows\SYSTEM32\urlmon.dll
0x00007fff5b670000 - 0x00007fff5b918000 	C:\Windows\SYSTEM32\iertutil.dll
0x00007fff66d50000 - 0x00007fff66d5c000 	C:\Windows\SYSTEM32\CRYPTBASE.DLL
0x00007fff66b80000 - 0x00007fff66be7000 	C:\Windows\system32\mswsock.dll
0x00007fff3ffd0000 - 0x00007fff3ffe3000 	C:\Program Files\Java\jdk-12\bin\nio.dll
0x0000000010000000 - 0x00000000100a8000 	C:\Users\Ujjwal\.swt\lib\win32\x86_64\swt-win32-4332.dll
0x00007fff68950000 - 0x00007fff68aa5000 	C:\Windows\System32\ole32.dll
0x00007fff6a990000 - 0x00007fff6aa54000 	C:\Windows\System32\OLEAUT32.dll
0x00007fff6aa70000 - 0x00007fff6ab97000 	C:\Windows\System32\comdlg32.dll
0x00007fff68260000 - 0x00007fff6843b000 	C:\Windows\System32\CRYPT32.dll
0x00007fff4f190000 - 0x00007fff4f219000 	C:\Windows\SYSTEM32\WINSPOOL.DRV
0x00007fff67360000 - 0x00007fff67372000 	C:\Windows\System32\MSASN1.dll
0x00007fff40890000 - 0x00007fff408a9000 	C:\Windows\SYSTEM32\USP10.dll
0x00007fff511b0000 - 0x00007fff51691000 	C:\Windows\SYSTEM32\WININET.dll
0x00007fff674d0000 - 0x00007fff674f6000 	C:\Windows\System32\bcrypt.dll
0x00007fff65800000 - 0x00007fff659a8000 	C:\Windows\SYSTEM32\PROPSYS.dll
0x00007fff668a0000 - 0x00007fff668dd000 	C:\Windows\SYSTEM32\IPHLPAPI.DLL
0x00007fff64ee0000 - 0x00007fff64f7c000 	C:\Windows\system32\uxtheme.dll
0x00007fff68620000 - 0x00007fff6878b000 	C:\Windows\System32\MSCTF.dll
0x00007fff64fd0000 - 0x00007fff64ffe000 	C:\Windows\system32\dwmapi.dll
0x00007fff6af30000 - 0x00007fff6afd2000 	C:\Windows\System32\clbcatq.dll
0x00007fff38b10000 - 0x00007fff38caf000 	C:\Program Files\Java\jdk-12\bin\awt.dll
0x00007fff625a0000 - 0x00007fff62b5e000 	C:\Windows\SYSTEM32\d2d1.dll
0x00007fff64790000 - 0x00007fff6481c000 	C:\Windows\SYSTEM32\apphelp.dll

dbghelp: loaded successfully - version: 4.0.5 - missing functions: none
symbol engine: initialized successfully - sym options: 0x614 - pdb path: .;C:\Program Files\Java\jdk-12\bin;C:\Windows\SYSTEM32;C:\Windows\WinSxS\amd64_microsoft.windows.common-controls_6595b64144ccf1df_6.0.17763.678_none_05b74150071d72bf;C:\Program Files\Java\jdk-12\bin\server;C:\Users\Ujjwal\.swt\lib\win32\x86_64

VM Arguments:
jvm_args: -Djava.library.path=C:\Program Files\Java\jdk-12\bin;C:\Windows\Sun\Java\bin;C:\Windows\system32;C:\Windows;C:/Program Files/Java/jdk-12/bin/server;C:/Program Files/Java/jdk-12/bin;C:\Windows\system32;C:\Windows;C:\Windows\System32\Wbem;C:\Windows\System32\WindowsPowerShell\v1.0\;C:\Windows\System32\OpenSSH\;C:\Program Files\nodejs\;C:\Program Files\Java\jdk-12\bin;C:\Program Files\Git\cmd;C:\Users\Ujjwal\AppData\Local\Microsoft\WindowsApps;;C:\Users\Ujjwal\AppData\Local\Programs\Microsoft VS Code\bin;C:\Users\Ujjwal\AppData\Roaming\npm;C:\Users\Ujjwal\Desktop;;. -Dnativeswing.localhostAddress=127.0.0.1 
java_command: chrriis.dj.nativeswing.swtimpl.NativeInterface 2 50503
java_class_path (initial): E:\java application\DJNativeSwing.jar;E:\java application\DJNativeSwing-SWT.jar;E:\java application\org.eclipse.swt.win32.win32.x86_64-4.3.jar
Launcher Type: SUN_STANDARD

[Global flags]
     intx CICompilerCount                          = 4                                         {product} {ergonomic}
     uint ConcGCThreads                            = 2                                         {product} {ergonomic}
     uint G1ConcRefinementThreads                  = 8                                         {product} {ergonomic}
   size_t G1HeapRegionSize                         = 1048576                                   {product} {ergonomic}
    uintx GCDrainStackTargetSize                   = 64                                        {product} {ergonomic}
   size_t InitialHeapSize                          = 134217728                                 {product} {ergonomic}
   size_t MarkStackSize                            = 4194304                                   {product} {ergonomic}
   size_t MaxHeapSize                              = 2126512128                                {product} {ergonomic}
   size_t MaxNewSize                               = 1275068416                                {product} {ergonomic}
   size_t MinHeapDeltaBytes                        = 1048576                                   {product} {ergonomic}
    uintx NonNMethodCodeHeapSize                   = 5836300                                {pd product} {ergonomic}
    uintx NonProfiledCodeHeapSize                  = 122910970                              {pd product} {ergonomic}
    uintx ProfiledCodeHeapSize                     = 122910970                              {pd product} {ergonomic}
    uintx ReservedCodeCacheSize                    = 251658240                              {pd product} {ergonomic}
     bool SegmentedCodeCache                       = true                                      {product} {ergonomic}
     bool UseCompressedClassPointers               = true                                 {lp64_product} {ergonomic}
     bool UseCompressedOops                        = true                                 {lp64_product} {ergonomic}
     bool UseG1GC                                  = true                                      {product} {ergonomic}
     bool UseLargePagesIndividualAllocation        = false                                  {pd product} {ergonomic}

Logging:
Log output configuration:
 #0: stdout all=warning uptime,level,tags
 #1: stderr all=off uptime,level,tags

Environment Variables:
PATH=C:/Program Files/Java/jdk-12/bin/server;C:/Program Files/Java/jdk-12/bin;C:\Windows\system32;C:\Windows;C:\Windows\System32\Wbem;C:\Windows\System32\WindowsPowerShell\v1.0\;C:\Windows\System32\OpenSSH\;C:\Program Files\nodejs\;C:\Program Files\Java\jdk-12\bin;C:\Program Files\Git\cmd;C:\Users\Ujjwal\AppData\Local\Microsoft\WindowsApps;;C:\Users\Ujjwal\AppData\Local\Programs\Microsoft VS Code\bin;C:\Users\Ujjwal\AppData\Roaming\npm;C:\Users\Ujjwal\Desktop;
USERNAME=Ujjwal
OS=Windows_NT
PROCESSOR_IDENTIFIER=Intel64 Family 6 Model 142 Stepping 10, GenuineIntel



---------------  S Y S T E M  ---------------

OS: Windows 10 , 64 bit Build 17763 (10.0.17763.475)

CPU:total 8 (initial active 8) (4 cores per cpu, 2 threads per core) family 6 model 142 stepping 10, cmov, cx8, fxsr, mmx, sse, sse2, sse3, ssse3, sse4.1, sse4.2, popcnt, avx, avx2, aes, clmul, erms, 3dnowpref, lzcnt, ht, tsc, tscinvbit, bmi1, bmi2, adx, fma

Memory: 4k page, system-wide physical 8108M (1139M free)
TotalPageFile size 20803M (AvailPageFile size 2920M)
current process WorkingSet (physical memory assigned to process): 44M, peak: 44M
current process commit charge ("private bytes"): 211M, peak: 211M

vm_info: Java HotSpot(TM) 64-Bit Server VM (12+33) for windows-amd64 JRE (12+33), built on Feb 21 2019 02:31:50 by "mach5one" with MS VC++ 15.5 (VS2017)

END.
