#
# There is insufficient memory for the Java Runtime Environment to continue.
# Native memory allocation (malloc) failed to allocate 262160 bytes for Chunk::new
# Possible reasons:
#   The system is out of physical RAM or swap space
#   The process is running with CompressedOops enabled, and the Java Heap may be blocking the growth of the native heap
# Possible solutions:
#   Reduce memory load on the system
#   Increase physical memory or swap space
#   Check if swap backing store is full
#   Decrease Java heap size (-Xmx/-Xms)
#   Decrease number of Java threads
#   Decrease Java thread stack sizes (-Xss)
#   Set larger code cache with -XX:ReservedCodeCacheSize=
#   JVM is running with Unscaled Compressed Oops mode in which the Java heap is
#     placed in the first 4GB address space. The Java Heap base address is the
#     maximum limit for the native heap growth. Please use -XX:HeapBaseMinAddress
#     to set the Java Heap base and to place the Java Heap above 4GB virtual address.
# This output file may be truncated or incomplete.
#
#  Out of Memory Error (t:/workspace/open/src/hotspot/share/memory/arena.cpp:197), pid=14524, tid=12844
#
# JRE version: Java(TM) SE Runtime Environment (12.0+33) (build 12+33)
# Java VM: Java HotSpot(TM) 64-Bit Server VM (12+33, mixed mode, sharing, tiered, compressed oops, g1 gc, windows-amd64)
# No core dump will be written. Minidumps are not enabled by default on client versions of Windows
#

---------------  S U M M A R Y ------------

Command Line: -Dfile.encoding=Cp1252 MoviePage

Host: Intel(R) Core(TM) i5-8250U CPU @ 1.60GHz, 8 cores, 7G,  Windows 10 , 64 bit Build 17763 (10.0.17763.475)
Time: Sun Aug 18 16:14:43 2019 India Standard Time elapsed time: 681 seconds (0d 0h 11m 21s)

---------------  T H R E A D  ---------------

Current thread (0x00000248cd4a6000):  JavaThread "C2 CompilerThread0" daemon [_thread_in_native, id=12844, stack(0x0000008dd8700000,0x0000008dd8800000)]


Current CompileTask:
C2: 681242 1309       4       java.util.HashMap::putVal (300 bytes)

Stack: [0x0000008dd8700000,0x0000008dd8800000]
Native frames: (J=compiled Java code, j=interpreted, Vv=VM code, C=native code)
V  [jvm.dll+0x63948a]
V  [jvm.dll+0x78b31f]
V  [jvm.dll+0x78c9c1]
V  [jvm.dll+0x78d013]
V  [jvm.dll+0x262138]
V  [jvm.dll+0xc582c]
V  [jvm.dll+0xc5dac]
V  [jvm.dll+0xc5910]
V  [jvm.dll+0x61a81f]
V  [jvm.dll+0x22315b]
V  [jvm.dll+0x666f9a]
V  [jvm.dll+0x21b067]
V  [jvm.dll+0x199890]
V  [jvm.dll+0x22a534]
V  [jvm.dll+0x228b88]
V  [jvm.dll+0x74f660]
V  [jvm.dll+0x748648]
V  [jvm.dll+0x638566]
C  [ucrtbase.dll+0x21ffa]
C  [KERNEL32.DLL+0x17974]
C  [ntdll.dll+0x6a271]


---------------  P R O C E S S  ---------------

Threads class SMR info:
_java_thread_list=0x00000248cf7cd160, length=19, elements={
0x00000248ae7c7800, 0x00000248cd489000, 0x00000248cd48a000, 0x00000248cd4a4000,
0x00000248cd4a5000, 0x00000248cd4a6000, 0x00000248cd4b6000, 0x00000248cd4be800,
0x00000248cdef6000, 0x00000248cdf02800, 0x00000248ce1a1000, 0x00000248ce1cd800,
0x00000248ce1d3800, 0x00000248ce706800, 0x00000248cee19800, 0x00000248cf666800,
0x00000248cf707000, 0x00000248cf295800, 0x00000248ceb07000
}

Java Threads: ( => current thread )
  0x00000248ae7c7800 JavaThread "main" [_thread_blocked, id=14688, stack(0x0000008dd7c00000,0x0000008dd7d00000)]
  0x00000248cd489000 JavaThread "Reference Handler" daemon [_thread_blocked, id=14952, stack(0x0000008dd8300000,0x0000008dd8400000)]
  0x00000248cd48a000 JavaThread "Finalizer" daemon [_thread_blocked, id=548, stack(0x0000008dd8400000,0x0000008dd8500000)]
  0x00000248cd4a4000 JavaThread "Signal Dispatcher" daemon [_thread_blocked, id=13468, stack(0x0000008dd8500000,0x0000008dd8600000)]
  0x00000248cd4a5000 JavaThread "Attach Listener" daemon [_thread_blocked, id=14956, stack(0x0000008dd8600000,0x0000008dd8700000)]
=>0x00000248cd4a6000 JavaThread "C2 CompilerThread0" daemon [_thread_in_native, id=12844, stack(0x0000008dd8700000,0x0000008dd8800000)]
  0x00000248cd4b6000 JavaThread "C1 CompilerThread0" daemon [_thread_blocked, id=14916, stack(0x0000008dd8800000,0x0000008dd8900000)]
  0x00000248cd4be800 JavaThread "Sweeper thread" daemon [_thread_blocked, id=14960, stack(0x0000008dd8900000,0x0000008dd8a00000)]
  0x00000248cdef6000 JavaThread "Service Thread" daemon [_thread_blocked, id=14968, stack(0x0000008dd8a00000,0x0000008dd8b00000)]
  0x00000248cdf02800 JavaThread "Common-Cleaner" daemon [_thread_blocked, id=14692, stack(0x0000008dd8c00000,0x0000008dd8d00000)]
  0x00000248ce1a1000 JavaThread "Java2D Disposer" daemon [_thread_blocked, id=14972, stack(0x0000008dd8d00000,0x0000008dd8e00000)]
  0x00000248ce1cd800 JavaThread "AWT-Shutdown" [_thread_blocked, id=11580, stack(0x0000008dd8e00000,0x0000008dd8f00000)]
  0x00000248ce1d3800 JavaThread "AWT-Windows" daemon [_thread_in_native, id=12612, stack(0x0000008dd8f00000,0x0000008dd9000000)]
  0x00000248ce706800 JavaThread "NativeSwing[1] out Stream Connector" daemon [_thread_in_native, id=15000, stack(0x0000008dd9300000,0x0000008dd9400000)]
  0x00000248cee19800 JavaThread "NativeSwing[1] err Stream Connector" daemon [_thread_in_native, id=15012, stack(0x0000008dd9400000,0x0000008dd9500000)]
  0x00000248cf666800 JavaThread "NativeSwing[1] Swing Receiver" daemon [_thread_in_native, id=15068, stack(0x0000008dd9500000,0x0000008dd9600000)]
  0x00000248cf707000 JavaThread "Registry cleanup thread-0" daemon [_thread_blocked, id=15072, stack(0x0000008dd9600000,0x0000008dd9700000)]
  0x00000248cf295800 JavaThread "AWT-EventQueue-0" [_thread_blocked, id=15092, stack(0x0000008dd9700000,0x0000008dd9800000)]
  0x00000248ceb07000 JavaThread "NativeSwing Auto-Shutdown" daemon [_thread_blocked, id=15256, stack(0x0000008dd9800000,0x0000008dd9900000)]

Other Threads:
  0x00000248cd488000 VMThread "VM Thread" [stack: 0x0000008dd8200000,0x0000008dd8300000] [id=12776]
  0x00000248cdefc000 WatcherThread [stack: 0x0000008dd8b00000,0x0000008dd8c00000] [id=11776]
  0x00000248ae805000 GCTaskThread "GC Thread#0" [stack: 0x0000008dd7d00000,0x0000008dd7e00000] [id=14668]
  0x00000248ae814800 ConcurrentGCThread "G1 Main Marker" [stack: 0x0000008dd7e00000,0x0000008dd7f00000] [id=14660]
  0x00000248ae81c000 ConcurrentGCThread "G1 Conc#0" [stack: 0x0000008dd7f00000,0x0000008dd8000000] [id=14944]
  0x00000248cd304800 ConcurrentGCThread "G1 Refine#0" [stack: 0x0000008dd8000000,0x0000008dd8100000] [id=8384]
  0x00000248cd306000 ConcurrentGCThread "G1 Young RemSet Sampling" [stack: 0x0000008dd8100000,0x0000008dd8200000] [id=14948]

Threads with active compile tasks:
C2 CompilerThread0  1309       4       java.util.HashMap::putVal (300 bytes)

VM state:not at safepoint (normal execution)

VM Mutex/Monitor currently owned by a thread: None

Heap address: 0x0000000081400000, size: 2028 MB, Compressed Oops mode: 32-bit
Narrow klass base: 0x0000000800000000, Narrow klass shift: 3
Compressed class space size: 1073741824 Address: 0x00000008011a0000

Heap:
 garbage-first heap   total 131072K, used 22528K [0x0000000081400000, 0x0000000100000000)
  region size 1024K, 19 young (19456K), 0 survivors (0K)
 Metaspace       used 12065K, capacity 12454K, committed 12672K, reserved 1060864K
  class space    used 1472K, capacity 1636K, committed 1664K, reserved 1048576K
Heap Regions: E=young(eden), S=young(survivor), O=old, HS=humongous(starts), HC=humongous(continues), CS=collection set, F=free, A=archive, TAMS=top-at-mark-start (previous, next)
|   0|0x0000000081400000, 0x0000000081500000, 0x0000000081500000|100%|HS|  |TAMS 0x0000000081400000, 0x0000000081400000| Complete 
|   1|0x0000000081500000, 0x0000000081600000, 0x0000000081600000|100%|HC|  |TAMS 0x0000000081500000, 0x0000000081500000| Complete 
|   2|0x0000000081600000, 0x0000000081700000, 0x0000000081700000|100%|HC|  |TAMS 0x0000000081600000, 0x0000000081600000| Complete 
|   3|0x0000000081700000, 0x0000000081800000, 0x0000000081800000|100%|HC|  |TAMS 0x0000000081700000, 0x0000000081700000| Complete 
|   4|0x0000000081800000, 0x0000000081800000, 0x0000000081900000|  0%| F|  |TAMS 0x0000000081800000, 0x0000000081800000| Untracked 
|   5|0x0000000081900000, 0x0000000081900000, 0x0000000081a00000|  0%| F|  |TAMS 0x0000000081900000, 0x0000000081900000| Untracked 
|   6|0x0000000081a00000, 0x0000000081a00000, 0x0000000081b00000|  0%| F|  |TAMS 0x0000000081a00000, 0x0000000081a00000| Untracked 
|   7|0x0000000081b00000, 0x0000000081b00000, 0x0000000081c00000|  0%| F|  |TAMS 0x0000000081b00000, 0x0000000081b00000| Untracked 
|   8|0x0000000081c00000, 0x0000000081c00000, 0x0000000081d00000|  0%| F|  |TAMS 0x0000000081c00000, 0x0000000081c00000| Untracked 
|   9|0x0000000081d00000, 0x0000000081d00000, 0x0000000081e00000|  0%| F|  |TAMS 0x0000000081d00000, 0x0000000081d00000| Untracked 
|  10|0x0000000081e00000, 0x0000000081e00000, 0x0000000081f00000|  0%| F|  |TAMS 0x0000000081e00000, 0x0000000081e00000| Untracked 
|  11|0x0000000081f00000, 0x0000000081f00000, 0x0000000082000000|  0%| F|  |TAMS 0x0000000081f00000, 0x0000000081f00000| Untracked 
|  12|0x0000000082000000, 0x0000000082000000, 0x0000000082100000|  0%| F|  |TAMS 0x0000000082000000, 0x0000000082000000| Untracked 
|  13|0x0000000082100000, 0x0000000082100000, 0x0000000082200000|  0%| F|  |TAMS 0x0000000082100000, 0x0000000082100000| Untracked 
|  14|0x0000000082200000, 0x0000000082200000, 0x0000000082300000|  0%| F|  |TAMS 0x0000000082200000, 0x0000000082200000| Untracked 
|  15|0x0000000082300000, 0x0000000082300000, 0x0000000082400000|  0%| F|  |TAMS 0x0000000082300000, 0x0000000082300000| Untracked 
|  16|0x0000000082400000, 0x0000000082400000, 0x0000000082500000|  0%| F|  |TAMS 0x0000000082400000, 0x0000000082400000| Untracked 
|  17|0x0000000082500000, 0x0000000082500000, 0x0000000082600000|  0%| F|  |TAMS 0x0000000082500000, 0x0000000082500000| Untracked 
|  18|0x0000000082600000, 0x0000000082600000, 0x0000000082700000|  0%| F|  |TAMS 0x0000000082600000, 0x0000000082600000| Untracked 
|  19|0x0000000082700000, 0x0000000082700000, 0x0000000082800000|  0%| F|  |TAMS 0x0000000082700000, 0x0000000082700000| Untracked 
|  20|0x0000000082800000, 0x0000000082800000, 0x0000000082900000|  0%| F|  |TAMS 0x0000000082800000, 0x0000000082800000| Untracked 
|  21|0x0000000082900000, 0x0000000082900000, 0x0000000082a00000|  0%| F|  |TAMS 0x0000000082900000, 0x0000000082900000| Untracked 
|  22|0x0000000082a00000, 0x0000000082a00000, 0x0000000082b00000|  0%| F|  |TAMS 0x0000000082a00000, 0x0000000082a00000| Untracked 
|  23|0x0000000082b00000, 0x0000000082b00000, 0x0000000082c00000|  0%| F|  |TAMS 0x0000000082b00000, 0x0000000082b00000| Untracked 
|  24|0x0000000082c00000, 0x0000000082c00000, 0x0000000082d00000|  0%| F|  |TAMS 0x0000000082c00000, 0x0000000082c00000| Untracked 
|  25|0x0000000082d00000, 0x0000000082d00000, 0x0000000082e00000|  0%| F|  |TAMS 0x0000000082d00000, 0x0000000082d00000| Untracked 
|  26|0x0000000082e00000, 0x0000000082e00000, 0x0000000082f00000|  0%| F|  |TAMS 0x0000000082e00000, 0x0000000082e00000| Untracked 
|  27|0x0000000082f00000, 0x0000000082f00000, 0x0000000083000000|  0%| F|  |TAMS 0x0000000082f00000, 0x0000000082f00000| Untracked 
|  28|0x0000000083000000, 0x0000000083000000, 0x0000000083100000|  0%| F|  |TAMS 0x0000000083000000, 0x0000000083000000| Untracked 
|  29|0x0000000083100000, 0x0000000083100000, 0x0000000083200000|  0%| F|  |TAMS 0x0000000083100000, 0x0000000083100000| Untracked 
|  30|0x0000000083200000, 0x0000000083200000, 0x0000000083300000|  0%| F|  |TAMS 0x0000000083200000, 0x0000000083200000| Untracked 
|  31|0x0000000083300000, 0x0000000083300000, 0x0000000083400000|  0%| F|  |TAMS 0x0000000083300000, 0x0000000083300000| Untracked 
|  32|0x0000000083400000, 0x0000000083400000, 0x0000000083500000|  0%| F|  |TAMS 0x0000000083400000, 0x0000000083400000| Untracked 
|  33|0x0000000083500000, 0x0000000083500000, 0x0000000083600000|  0%| F|  |TAMS 0x0000000083500000, 0x0000000083500000| Untracked 
|  34|0x0000000083600000, 0x0000000083600000, 0x0000000083700000|  0%| F|  |TAMS 0x0000000083600000, 0x0000000083600000| Untracked 
|  35|0x0000000083700000, 0x0000000083700000, 0x0000000083800000|  0%| F|  |TAMS 0x0000000083700000, 0x0000000083700000| Untracked 
|  36|0x0000000083800000, 0x0000000083800000, 0x0000000083900000|  0%| F|  |TAMS 0x0000000083800000, 0x0000000083800000| Untracked 
|  37|0x0000000083900000, 0x0000000083900000, 0x0000000083a00000|  0%| F|  |TAMS 0x0000000083900000, 0x0000000083900000| Untracked 
|  38|0x0000000083a00000, 0x0000000083a00000, 0x0000000083b00000|  0%| F|  |TAMS 0x0000000083a00000, 0x0000000083a00000| Untracked 
|  39|0x0000000083b00000, 0x0000000083b00000, 0x0000000083c00000|  0%| F|  |TAMS 0x0000000083b00000, 0x0000000083b00000| Untracked 
|  40|0x0000000083c00000, 0x0000000083c00000, 0x0000000083d00000|  0%| F|  |TAMS 0x0000000083c00000, 0x0000000083c00000| Untracked 
|  41|0x0000000083d00000, 0x0000000083d00000, 0x0000000083e00000|  0%| F|  |TAMS 0x0000000083d00000, 0x0000000083d00000| Untracked 
|  42|0x0000000083e00000, 0x0000000083e00000, 0x0000000083f00000|  0%| F|  |TAMS 0x0000000083e00000, 0x0000000083e00000| Untracked 
|  43|0x0000000083f00000, 0x0000000083f00000, 0x0000000084000000|  0%| F|  |TAMS 0x0000000083f00000, 0x0000000083f00000| Untracked 
|  44|0x0000000084000000, 0x0000000084000000, 0x0000000084100000|  0%| F|  |TAMS 0x0000000084000000, 0x0000000084000000| Untracked 
|  45|0x0000000084100000, 0x0000000084100000, 0x0000000084200000|  0%| F|  |TAMS 0x0000000084100000, 0x0000000084100000| Untracked 
|  46|0x0000000084200000, 0x0000000084200000, 0x0000000084300000|  0%| F|  |TAMS 0x0000000084200000, 0x0000000084200000| Untracked 
|  47|0x0000000084300000, 0x0000000084300000, 0x0000000084400000|  0%| F|  |TAMS 0x0000000084300000, 0x0000000084300000| Untracked 
|  48|0x0000000084400000, 0x0000000084400000, 0x0000000084500000|  0%| F|  |TAMS 0x0000000084400000, 0x0000000084400000| Untracked 
|  49|0x0000000084500000, 0x0000000084500000, 0x0000000084600000|  0%| F|  |TAMS 0x0000000084500000, 0x0000000084500000| Untracked 
|  50|0x0000000084600000, 0x0000000084600000, 0x0000000084700000|  0%| F|  |TAMS 0x0000000084600000, 0x0000000084600000| Untracked 
|  51|0x0000000084700000, 0x0000000084700000, 0x0000000084800000|  0%| F|  |TAMS 0x0000000084700000, 0x0000000084700000| Untracked 
|  52|0x0000000084800000, 0x0000000084800000, 0x0000000084900000|  0%| F|  |TAMS 0x0000000084800000, 0x0000000084800000| Untracked 
|  53|0x0000000084900000, 0x0000000084900000, 0x0000000084a00000|  0%| F|  |TAMS 0x0000000084900000, 0x0000000084900000| Untracked 
|  54|0x0000000084a00000, 0x0000000084a00000, 0x0000000084b00000|  0%| F|  |TAMS 0x0000000084a00000, 0x0000000084a00000| Untracked 
|  55|0x0000000084b00000, 0x0000000084b00000, 0x0000000084c00000|  0%| F|  |TAMS 0x0000000084b00000, 0x0000000084b00000| Untracked 
|  56|0x0000000084c00000, 0x0000000084c00000, 0x0000000084d00000|  0%| F|  |TAMS 0x0000000084c00000, 0x0000000084c00000| Untracked 
|  57|0x0000000084d00000, 0x0000000084d00000, 0x0000000084e00000|  0%| F|  |TAMS 0x0000000084d00000, 0x0000000084d00000| Untracked 
|  58|0x0000000084e00000, 0x0000000084e00000, 0x0000000084f00000|  0%| F|  |TAMS 0x0000000084e00000, 0x0000000084e00000| Untracked 
|  59|0x0000000084f00000, 0x0000000084f00000, 0x0000000085000000|  0%| F|  |TAMS 0x0000000084f00000, 0x0000000084f00000| Untracked 
|  60|0x0000000085000000, 0x0000000085000000, 0x0000000085100000|  0%| F|  |TAMS 0x0000000085000000, 0x0000000085000000| Untracked 
|  61|0x0000000085100000, 0x0000000085100000, 0x0000000085200000|  0%| F|  |TAMS 0x0000000085100000, 0x0000000085100000| Untracked 
|  62|0x0000000085200000, 0x0000000085200000, 0x0000000085300000|  0%| F|  |TAMS 0x0000000085200000, 0x0000000085200000| Untracked 
|  63|0x0000000085300000, 0x0000000085300000, 0x0000000085400000|  0%| F|  |TAMS 0x0000000085300000, 0x0000000085300000| Untracked 
|  64|0x0000000085400000, 0x0000000085400000, 0x0000000085500000|  0%| F|  |TAMS 0x0000000085400000, 0x0000000085400000| Untracked 
|  65|0x0000000085500000, 0x0000000085500000, 0x0000000085600000|  0%| F|  |TAMS 0x0000000085500000, 0x0000000085500000| Untracked 
|  66|0x0000000085600000, 0x0000000085600000, 0x0000000085700000|  0%| F|  |TAMS 0x0000000085600000, 0x0000000085600000| Untracked 
|  67|0x0000000085700000, 0x0000000085700000, 0x0000000085800000|  0%| F|  |TAMS 0x0000000085700000, 0x0000000085700000| Untracked 
|  68|0x0000000085800000, 0x0000000085800000, 0x0000000085900000|  0%| F|  |TAMS 0x0000000085800000, 0x0000000085800000| Untracked 
|  69|0x0000000085900000, 0x0000000085900000, 0x0000000085a00000|  0%| F|  |TAMS 0x0000000085900000, 0x0000000085900000| Untracked 
|  70|0x0000000085a00000, 0x0000000085a00000, 0x0000000085b00000|  0%| F|  |TAMS 0x0000000085a00000, 0x0000000085a00000| Untracked 
|  71|0x0000000085b00000, 0x0000000085b00000, 0x0000000085c00000|  0%| F|  |TAMS 0x0000000085b00000, 0x0000000085b00000| Untracked 
|  72|0x0000000085c00000, 0x0000000085c00000, 0x0000000085d00000|  0%| F|  |TAMS 0x0000000085c00000, 0x0000000085c00000| Untracked 
|  73|0x0000000085d00000, 0x0000000085d00000, 0x0000000085e00000|  0%| F|  |TAMS 0x0000000085d00000, 0x0000000085d00000| Untracked 
|  74|0x0000000085e00000, 0x0000000085e00000, 0x0000000085f00000|  0%| F|  |TAMS 0x0000000085e00000, 0x0000000085e00000| Untracked 
|  75|0x0000000085f00000, 0x0000000085f00000, 0x0000000086000000|  0%| F|  |TAMS 0x0000000085f00000, 0x0000000085f00000| Untracked 
|  76|0x0000000086000000, 0x0000000086000000, 0x0000000086100000|  0%| F|  |TAMS 0x0000000086000000, 0x0000000086000000| Untracked 
|  77|0x0000000086100000, 0x0000000086100000, 0x0000000086200000|  0%| F|  |TAMS 0x0000000086100000, 0x0000000086100000| Untracked 
|  78|0x0000000086200000, 0x0000000086200000, 0x0000000086300000|  0%| F|  |TAMS 0x0000000086200000, 0x0000000086200000| Untracked 
|  79|0x0000000086300000, 0x0000000086300000, 0x0000000086400000|  0%| F|  |TAMS 0x0000000086300000, 0x0000000086300000| Untracked 
|  80|0x0000000086400000, 0x0000000086400000, 0x0000000086500000|  0%| F|  |TAMS 0x0000000086400000, 0x0000000086400000| Untracked 
|  81|0x0000000086500000, 0x0000000086500000, 0x0000000086600000|  0%| F|  |TAMS 0x0000000086500000, 0x0000000086500000| Untracked 
|  82|0x0000000086600000, 0x0000000086600000, 0x0000000086700000|  0%| F|  |TAMS 0x0000000086600000, 0x0000000086600000| Untracked 
|  83|0x0000000086700000, 0x0000000086700000, 0x0000000086800000|  0%| F|  |TAMS 0x0000000086700000, 0x0000000086700000| Untracked 
|  84|0x0000000086800000, 0x0000000086800000, 0x0000000086900000|  0%| F|  |TAMS 0x0000000086800000, 0x0000000086800000| Untracked 
|  85|0x0000000086900000, 0x0000000086900000, 0x0000000086a00000|  0%| F|  |TAMS 0x0000000086900000, 0x0000000086900000| Untracked 
|  86|0x0000000086a00000, 0x0000000086a00000, 0x0000000086b00000|  0%| F|  |TAMS 0x0000000086a00000, 0x0000000086a00000| Untracked 
|  87|0x0000000086b00000, 0x0000000086b00000, 0x0000000086c00000|  0%| F|  |TAMS 0x0000000086b00000, 0x0000000086b00000| Untracked 
|  88|0x0000000086c00000, 0x0000000086c00000, 0x0000000086d00000|  0%| F|  |TAMS 0x0000000086c00000, 0x0000000086c00000| Untracked 
|  89|0x0000000086d00000, 0x0000000086d00000, 0x0000000086e00000|  0%| F|  |TAMS 0x0000000086d00000, 0x0000000086d00000| Untracked 
|  90|0x0000000086e00000, 0x0000000086e00000, 0x0000000086f00000|  0%| F|  |TAMS 0x0000000086e00000, 0x0000000086e00000| Untracked 
|  91|0x0000000086f00000, 0x0000000086f00000, 0x0000000087000000|  0%| F|  |TAMS 0x0000000086f00000, 0x0000000086f00000| Untracked 
|  92|0x0000000087000000, 0x0000000087000000, 0x0000000087100000|  0%| F|  |TAMS 0x0000000087000000, 0x0000000087000000| Untracked 
|  93|0x0000000087100000, 0x0000000087100000, 0x0000000087200000|  0%| F|  |TAMS 0x0000000087100000, 0x0000000087100000| Untracked 
|  94|0x0000000087200000, 0x0000000087200000, 0x0000000087300000|  0%| F|  |TAMS 0x0000000087200000, 0x0000000087200000| Untracked 
|  95|0x0000000087300000, 0x0000000087300000, 0x0000000087400000|  0%| F|  |TAMS 0x0000000087300000, 0x0000000087300000| Untracked 
|  96|0x0000000087400000, 0x0000000087400000, 0x0000000087500000|  0%| F|  |TAMS 0x0000000087400000, 0x0000000087400000| Untracked 
|  97|0x0000000087500000, 0x0000000087500000, 0x0000000087600000|  0%| F|  |TAMS 0x0000000087500000, 0x0000000087500000| Untracked 
|  98|0x0000000087600000, 0x0000000087600000, 0x0000000087700000|  0%| F|  |TAMS 0x0000000087600000, 0x0000000087600000| Untracked 
|  99|0x0000000087700000, 0x0000000087700000, 0x0000000087800000|  0%| F|  |TAMS 0x0000000087700000, 0x0000000087700000| Untracked 
| 100|0x0000000087800000, 0x0000000087800000, 0x0000000087900000|  0%| F|  |TAMS 0x0000000087800000, 0x0000000087800000| Untracked 
| 101|0x0000000087900000, 0x0000000087900000, 0x0000000087a00000|  0%| F|  |TAMS 0x0000000087900000, 0x0000000087900000| Untracked 
| 102|0x0000000087a00000, 0x0000000087a00000, 0x0000000087b00000|  0%| F|  |TAMS 0x0000000087a00000, 0x0000000087a00000| Untracked 
| 103|0x0000000087b00000, 0x0000000087b00000, 0x0000000087c00000|  0%| F|  |TAMS 0x0000000087b00000, 0x0000000087b00000| Untracked 
| 104|0x0000000087c00000, 0x0000000087c00000, 0x0000000087d00000|  0%| F|  |TAMS 0x0000000087c00000, 0x0000000087c00000| Untracked 
| 105|0x0000000087d00000, 0x0000000087d00000, 0x0000000087e00000|  0%| F|  |TAMS 0x0000000087d00000, 0x0000000087d00000| Untracked 
| 106|0x0000000087e00000, 0x0000000087e00000, 0x0000000087f00000|  0%| F|  |TAMS 0x0000000087e00000, 0x0000000087e00000| Untracked 
| 107|0x0000000087f00000, 0x0000000087f00000, 0x0000000088000000|  0%| F|  |TAMS 0x0000000087f00000, 0x0000000087f00000| Untracked 
| 108|0x0000000088000000, 0x0000000088000000, 0x0000000088100000|  0%| F|  |TAMS 0x0000000088000000, 0x0000000088000000| Untracked 
| 109|0x0000000088100000, 0x000000008817b638, 0x0000000088200000| 48%| E|  |TAMS 0x0000000088100000, 0x0000000088100000| Complete 
| 110|0x0000000088200000, 0x0000000088300000, 0x0000000088300000|100%| E|CS|TAMS 0x0000000088200000, 0x0000000088200000| Complete 
| 111|0x0000000088300000, 0x0000000088400000, 0x0000000088400000|100%| E|CS|TAMS 0x0000000088300000, 0x0000000088300000| Complete 
| 112|0x0000000088400000, 0x0000000088500000, 0x0000000088500000|100%| E|CS|TAMS 0x0000000088400000, 0x0000000088400000| Complete 
| 113|0x0000000088500000, 0x0000000088600000, 0x0000000088600000|100%| E|CS|TAMS 0x0000000088500000, 0x0000000088500000| Complete 
| 114|0x0000000088600000, 0x0000000088700000, 0x0000000088700000|100%| E|CS|TAMS 0x0000000088600000, 0x0000000088600000| Complete 
| 115|0x0000000088700000, 0x0000000088800000, 0x0000000088800000|100%| E|CS|TAMS 0x0000000088700000, 0x0000000088700000| Complete 
| 116|0x0000000088800000, 0x0000000088900000, 0x0000000088900000|100%| E|CS|TAMS 0x0000000088800000, 0x0000000088800000| Complete 
| 117|0x0000000088900000, 0x0000000088a00000, 0x0000000088a00000|100%| E|CS|TAMS 0x0000000088900000, 0x0000000088900000| Complete 
| 118|0x0000000088a00000, 0x0000000088b00000, 0x0000000088b00000|100%| E|CS|TAMS 0x0000000088a00000, 0x0000000088a00000| Complete 
| 119|0x0000000088b00000, 0x0000000088c00000, 0x0000000088c00000|100%| E|CS|TAMS 0x0000000088b00000, 0x0000000088b00000| Complete 
| 120|0x0000000088c00000, 0x0000000088d00000, 0x0000000088d00000|100%| E|CS|TAMS 0x0000000088c00000, 0x0000000088c00000| Complete 
| 121|0x0000000088d00000, 0x0000000088e00000, 0x0000000088e00000|100%| E|CS|TAMS 0x0000000088d00000, 0x0000000088d00000| Complete 
| 122|0x0000000088e00000, 0x0000000088f00000, 0x0000000088f00000|100%| E|CS|TAMS 0x0000000088e00000, 0x0000000088e00000| Complete 
| 123|0x0000000088f00000, 0x0000000089000000, 0x0000000089000000|100%| E|CS|TAMS 0x0000000088f00000, 0x0000000088f00000| Complete 
| 124|0x0000000089000000, 0x0000000089100000, 0x0000000089100000|100%| E|CS|TAMS 0x0000000089000000, 0x0000000089000000| Complete 
| 125|0x0000000089100000, 0x0000000089200000, 0x0000000089200000|100%| E|CS|TAMS 0x0000000089100000, 0x0000000089100000| Complete 
| 126|0x0000000089200000, 0x0000000089300000, 0x0000000089300000|100%| E|CS|TAMS 0x0000000089200000, 0x0000000089200000| Complete 
| 127|0x0000000089300000, 0x0000000089400000, 0x0000000089400000|100%| E|CS|TAMS 0x0000000089300000, 0x0000000089300000| Complete 

Card table byte_map: [0x00000248c6300000,0x00000248c6700000] _byte_map_base: 0x00000248c5ef6000

Marking Bits (Prev, Next): (CMBitMap*) 0x00000248ae806108, (CMBitMap*) 0x00000248ae806148
 Prev Bits: [0x00000248c6b00000, 0x00000248c8ab0000)
 Next Bits: [0x00000248c8ab0000, 0x00000248caa60000)

Polling page: 0x00000248ac760000

Metaspace:

Usage:
  Non-class:     10.56 MB capacity,    10.34 MB ( 98%) used,   189.86 KB (  2%) free+waste,    35.63 KB ( <1%) overhead. 
      Class:      1.60 MB capacity,     1.44 MB ( 90%) used,   143.02 KB (  9%) free+waste,    20.00 KB (  1%) overhead. 
       Both:     12.16 MB capacity,    11.78 MB ( 97%) used,   332.88 KB (  3%) free+waste,    55.63 KB ( <1%) overhead. 

Virtual space:
  Non-class space:       12.00 MB reserved,      10.75 MB ( 90%) committed 
      Class space:        1.00 GB reserved,       1.63 MB ( <1%) committed 
             Both:        1.01 GB reserved,      12.38 MB (  1%) committed 

Chunk freelists:
   Non-Class:  0 bytes
       Class:  0 bytes
        Both:  0 bytes

CodeHeap 'non-profiled nmethods': size=120000Kb used=478Kb max_used=478Kb free=119521Kb
 bounds [0x00000248be6a0000, 0x00000248be910000, 0x00000248c5bd0000]
CodeHeap 'profiled nmethods': size=120000Kb used=2369Kb max_used=2369Kb free=117630Kb
 bounds [0x00000248b7170000, 0x00000248b73e0000, 0x00000248be6a0000]
CodeHeap 'non-nmethods': size=5760Kb used=1232Kb max_used=1264Kb free=4527Kb
 bounds [0x00000248b6bd0000, 0x00000248b6e40000, 0x00000248b7170000]
 total_blobs=2140 nmethods=1215 adapters=511
 compilation: enabled
              stopped_count=0, restarted_count=0
 full_count=0

Compilation events (10 events):
Event: 321.242 Thread 0x00000248cd4b6000 nmethod 1306 0x00000248be716b90 code [0x00000248be716d40, 0x00000248be716e38]
Event: 680.342 Thread 0x00000248cd4a6000 1307       4       java.util.HashMap$HashIterator::nextNode (100 bytes)
Event: 680.344 Thread 0x00000248cd4b6000 1310       3       java.util.HashMap::afterNodeAccess (1 bytes)
Event: 680.345 Thread 0x00000248cd4b6000 nmethod 1310 0x00000248b73c1a90 code [0x00000248b73c1c40, 0x00000248b73c1db8]
Event: 680.347 Thread 0x00000248cd4b6000 1311       1       java.awt.Color::getRGB (5 bytes)
Event: 680.348 Thread 0x00000248cd4b6000 nmethod 1311 0x00000248be716e90 code [0x00000248be717040, 0x00000248be717178]
Event: 680.348 Thread 0x00000248cd4b6000 1312       3       java.beans.PropertyChangeSupport::firePropertyChange (35 bytes)
Event: 680.349 Thread 0x00000248cd4b6000 nmethod 1312 0x00000248b73c1e90 code [0x00000248b73c20c0, 0x00000248b73c28f0]
Event: 680.352 Thread 0x00000248cd4a6000 nmethod 1307 0x00000248be717210 code [0x00000248be7173c0, 0x00000248be7177d8]
Event: 680.352 Thread 0x00000248cd4a6000 1309       4       java.util.HashMap::putVal (300 bytes)

GC Heap History (0 events):
No events

Deoptimization events (10 events):
Event: 0.416 Thread 0x00000248ae7c7800 Uncommon trap: reason=bimorphic_or_optimized_type_check action=maybe_recompile pc=0x00000248be6c974c method=java.util.HashMap.getNode(ILjava/lang/Object;)Ljava/util/HashMap$Node; @ 59 c2
Event: 1.245 Thread 0x00000248cf295800 Uncommon trap: reason=unstable_if action=reinterpret pc=0x00000248be6ccefc method=java.util.Hashtable.get(Ljava/lang/Object;)Ljava/lang/Object; @ 36 c2
Event: 1.287 Thread 0x00000248cf295800 Uncommon trap: reason=unstable_if action=reinterpret pc=0x00000248be6cda60 method=java.util.HashMap.hash(Ljava/lang/Object;)I @ 1 c2
Event: 1.287 Thread 0x00000248cf295800 Uncommon trap: reason=unstable_if action=reinterpret pc=0x00000248be6f0a24 method=java.util.HashMap.hash(Ljava/lang/Object;)I @ 1 c2
Event: 1.527 Thread 0x00000248ce1d3800 Uncommon trap: reason=class_check action=maybe_recompile pc=0x00000248be6da874 method=java.util.HashMap.putVal(ILjava/lang/Object;Ljava/lang/Object;ZZ)Ljava/lang/Object; @ 203 c2
Event: 1.528 Thread 0x00000248ce1d3800 Uncommon trap: reason=class_check action=maybe_recompile pc=0x00000248be6da874 method=java.util.HashMap.putVal(ILjava/lang/Object;Ljava/lang/Object;ZZ)Ljava/lang/Object; @ 203 c2
Event: 1.528 Thread 0x00000248ce1d3800 Uncommon trap: reason=class_check action=maybe_recompile pc=0x00000248be6da874 method=java.util.HashMap.putVal(ILjava/lang/Object;Ljava/lang/Object;ZZ)Ljava/lang/Object; @ 203 c2
Event: 1.557 Thread 0x00000248cf295800 Uncommon trap: reason=unstable_if action=reinterpret pc=0x00000248be6fbc20 method=java.lang.StringUTF16.compress([CI[BII)I @ 20 c2
Event: 6.294 Thread 0x00000248cf666800 Uncommon trap: reason=unstable_if action=reinterpret pc=0x00000248be6c00d4 method=java.lang.StringLatin1.canEncode(I)Z @ 4 c2
Event: 680.344 Thread 0x00000248cf295800 Uncommon trap: reason=class_check action=maybe_recompile pc=0x00000248be6da874 method=java.util.HashMap.putVal(ILjava/lang/Object;Ljava/lang/Object;ZZ)Ljava/lang/Object; @ 203 c2

Classes redefined (0 events):
No events

Internal exceptions (10 events):
Event: 2.033 Thread 0x00000248cf295800 Exception <a 'java/lang/NoSuchMethodError'{0x00000000883720a0}: <clinit>> (0x00000000883720a0) thrown at [t:/workspace/open/src/hotspot/share/prims/jni.cpp, line 1362]
Event: 2.138 Thread 0x00000248cf295800 Exception <a 'java/lang/NoSuchMethodError'{0x000000008820f280}: <clinit>> (0x000000008820f280) thrown at [t:/workspace/open/src/hotspot/share/prims/jni.cpp, line 1362]
Event: 2.147 Thread 0x00000248cf295800 Exception <a 'java/lang/NoSuchMethodError'{0x000000008821bd68}: <clinit>> (0x000000008821bd68) thrown at [t:/workspace/open/src/hotspot/share/prims/jni.cpp, line 1362]
Event: 2.172 Thread 0x00000248cf666800 Exception <a 'java/lang/NoSuchMethodError'{0x0000000088a19320}: <clinit>> (0x0000000088a19320) thrown at [t:/workspace/open/src/hotspot/share/prims/jni.cpp, line 1362]
Event: 2.216 Thread 0x00000248cf666800 Exception <a 'java/lang/NoSuchMethodError'{0x0000000088a26288}: <clinit>> (0x0000000088a26288) thrown at [t:/workspace/open/src/hotspot/share/prims/jni.cpp, line 1362]
Event: 2.224 Thread 0x00000248cf666800 Exception <a 'java/lang/NoSuchMethodError'{0x0000000088a385b0}: <clinit>> (0x0000000088a385b0) thrown at [t:/workspace/open/src/hotspot/share/prims/jni.cpp, line 1362]
Event: 5.919 Thread 0x00000248cf666800 Exception <a 'java/lang/NoSuchMethodError'{0x0000000088a51538}: <clinit>> (0x0000000088a51538) thrown at [t:/workspace/open/src/hotspot/share/prims/jni.cpp, line 1362]
Event: 6.034 Thread 0x00000248cf666800 Exception <a 'java/lang/NoSuchMethodError'{0x0000000088a5e4d8}: <clinit>> (0x0000000088a5e4d8) thrown at [t:/workspace/open/src/hotspot/share/prims/jni.cpp, line 1362]
Event: 6.587 Thread 0x00000248cf666800 Exception <a 'java/lang/NoSuchMethodError'{0x0000000088a6be30}: <clinit>> (0x0000000088a6be30) thrown at [t:/workspace/open/src/hotspot/share/prims/jni.cpp, line 1362]
Event: 11.387 Thread 0x00000248cf295800 Exception <a 'java/lang/NoSuchMethodError'{0x000000008824a7f0}: <clinit>> (0x000000008824a7f0) thrown at [t:/workspace/open/src/hotspot/share/prims/jni.cpp, line 1362]

Events (10 events):
Event: 11.379 loading class java/awt/Window$1DisposeAction done
Event: 11.379 loading class java/awt/LightweightDispatcher$2
Event: 11.379 loading class java/awt/LightweightDispatcher$2 done
Event: 11.385 loading class chrriis/dj/nativeswing/swtimpl/core/SWTNativeComponent$CMN_hasFocus
Event: 11.385 loading class chrriis/dj/nativeswing/swtimpl/core/SWTNativeComponent$CMN_hasFocus done
Event: 680.327 Executing VM operation: RevokeBias
Event: 680.327 Executing VM operation: RevokeBias done
Event: 680.344 Thread 0x00000248cf295800 Uncommon trap: trap_request=0xffffffde fr.pc=0x00000248be6da874 relative=0x0000000000005034
Event: 680.344 Thread 0x00000248cf295800 DEOPT PACKING pc=0x00000248be6da874 sp=0x0000008dd97fe540
Event: 680.344 Thread 0x00000248cf295800 DEOPT UNPACKING pc=0x00000248b6bf9baf sp=0x0000008dd97fe550 mode 2


Dynamic libraries:
0x00007ff780640000 - 0x00007ff78064f000 	C:\Program Files\Java\jdk-12\bin\javaw.exe
0x00007fff6b310000 - 0x00007fff6b4fd000 	C:\Windows\SYSTEM32\ntdll.dll
0x00007fff6b220000 - 0x00007fff6b2d3000 	C:\Windows\System32\KERNEL32.DLL
0x00007fff67520000 - 0x00007fff677b3000 	C:\Windows\System32\KERNELBASE.dll
0x00007fff67960000 - 0x00007fff67a5a000 	C:\Windows\System32\ucrtbase.dll
0x00007fff5bfb0000 - 0x00007fff5bfc6000 	C:\Program Files\Java\jdk-12\bin\VCRUNTIME140.dll
0x00007fff5bfd0000 - 0x00007fff5bfe8000 	C:\Program Files\Java\jdk-12\bin\jli.dll
0x00007fff68570000 - 0x00007fff68613000 	C:\Windows\System32\ADVAPI32.dll
0x00007fff68e30000 - 0x00007fff68ece000 	C:\Windows\System32\msvcrt.dll
0x00007fff6afe0000 - 0x00007fff6b07e000 	C:\Windows\System32\sechost.dll
0x00007fff68810000 - 0x00007fff68932000 	C:\Windows\System32\RPCRT4.dll
0x00007fff6b080000 - 0x00007fff6b217000 	C:\Windows\System32\USER32.dll
0x00007fff67500000 - 0x00007fff67520000 	C:\Windows\System32\win32u.dll
0x00007fff4ec90000 - 0x00007fff4ef09000 	C:\Windows\WinSxS\amd64_microsoft.windows.common-controls_6595b64144ccf1df_6.0.17763.678_none_05b74150071d72bf\COMCTL32.dll
0x00007fff68540000 - 0x00007fff68569000 	C:\Windows\System32\GDI32.dll
0x00007fff6aba0000 - 0x00007fff6aecc000 	C:\Windows\System32\combase.dll
0x00007fff677c0000 - 0x00007fff67959000 	C:\Windows\System32\gdi32full.dll
0x00007fff684a0000 - 0x00007fff6851e000 	C:\Windows\System32\bcryptPrimitives.dll
0x00007fff67430000 - 0x00007fff674d0000 	C:\Windows\System32\msvcp_win.dll
0x00007fff5b1c0000 - 0x00007fff5b1ca000 	C:\Windows\SYSTEM32\VERSION.dll
0x00007fff68b30000 - 0x00007fff68b5e000 	C:\Windows\System32\IMM32.DLL
0x00007fff5bc00000 - 0x00007fff5bcaa000 	C:\Program Files\Java\jdk-12\bin\msvcp140.dll
0x00007fff3e060000 - 0x00007fff3ebd4000 	C:\Program Files\Java\jdk-12\bin\server\jvm.dll
0x00007fff68e20000 - 0x00007fff68e28000 	C:\Windows\System32\PSAPI.DLL
0x00007fff59b30000 - 0x00007fff59b39000 	C:\Windows\SYSTEM32\WSOCK32.dll
0x00007fff63e70000 - 0x00007fff63e94000 	C:\Windows\SYSTEM32\WINMM.dll
0x00007fff68f50000 - 0x00007fff68fbd000 	C:\Windows\System32\WS2_32.dll
0x00007fff63e20000 - 0x00007fff63e4d000 	C:\Windows\SYSTEM32\WINMMBASE.dll
0x00007fff673e0000 - 0x00007fff6742a000 	C:\Windows\System32\cfgmgr32.dll
0x00007fff67310000 - 0x00007fff67321000 	C:\Windows\System32\kernel.appcore.dll
0x00007fff4e500000 - 0x00007fff4e511000 	C:\Program Files\Java\jdk-12\bin\verify.dll
0x00007fff65fc0000 - 0x00007fff661ad000 	C:\Windows\SYSTEM32\DBGHELP.DLL
0x00007fff56540000 - 0x00007fff5656a000 	C:\Windows\SYSTEM32\dbgcore.DLL
0x00007fff4e270000 - 0x00007fff4e296000 	C:\Program Files\Java\jdk-12\bin\java.dll
0x00007fff4e250000 - 0x00007fff4e267000 	C:\Program Files\Java\jdk-12\bin\zip.dll
0x00007fff4e690000 - 0x00007fff4e69a000 	C:\Program Files\Java\jdk-12\bin\jimage.dll
0x00007fff69020000 - 0x00007fff6a510000 	C:\Windows\System32\SHELL32.dll
0x00007fff68d70000 - 0x00007fff68e18000 	C:\Windows\System32\shcore.dll
0x00007fff67b10000 - 0x00007fff6825a000 	C:\Windows\System32\windows.storage.dll
0x00007fff67330000 - 0x00007fff67354000 	C:\Windows\System32\profapi.dll
0x00007fff67380000 - 0x00007fff673dd000 	C:\Windows\System32\powrprof.dll
0x00007fff68ab0000 - 0x00007fff68b02000 	C:\Windows\System32\shlwapi.dll
0x00007fff68520000 - 0x00007fff68537000 	C:\Windows\System32\cryptsp.dll
0x00007fff3fff0000 - 0x00007fff40009000 	C:\Program Files\Java\jdk-12\bin\net.dll
0x00007fff59f90000 - 0x00007fff5a082000 	C:\Windows\SYSTEM32\WINHTTP.dll
0x00007fff5e730000 - 0x00007fff5e907000 	C:\Windows\SYSTEM32\urlmon.dll
0x00007fff5b670000 - 0x00007fff5b918000 	C:\Windows\SYSTEM32\iertutil.dll
0x00007fff66d50000 - 0x00007fff66d5c000 	C:\Windows\SYSTEM32\CRYPTBASE.DLL
0x00007fff66b80000 - 0x00007fff66be7000 	C:\Windows\system32\mswsock.dll
0x00007fff3ffd0000 - 0x00007fff3ffe3000 	C:\Program Files\Java\jdk-12\bin\nio.dll
0x00007fff38b10000 - 0x00007fff38caf000 	C:\Program Files\Java\jdk-12\bin\awt.dll
0x00007fff6a990000 - 0x00007fff6aa54000 	C:\Windows\System32\OLEAUT32.dll
0x00007fff625a0000 - 0x00007fff62b5e000 	C:\Windows\SYSTEM32\d2d1.dll
0x00007fff64790000 - 0x00007fff6481c000 	C:\Windows\SYSTEM32\apphelp.dll
0x00007fff64ee0000 - 0x00007fff64f7c000 	C:\Windows\system32\uxtheme.dll
0x00007fff68620000 - 0x00007fff6878b000 	C:\Windows\System32\MSCTF.dll
0x00007fff64fd0000 - 0x00007fff64ffe000 	C:\Windows\system32\dwmapi.dll
0x00007fff68260000 - 0x00007fff6843b000 	C:\Windows\System32\CRYPT32.dll
0x00007fff67360000 - 0x00007fff67372000 	C:\Windows\System32\MSASN1.dll
0x00007fff68950000 - 0x00007fff68aa5000 	C:\Windows\System32\ole32.dll
0x00007fff4fd40000 - 0x00007fff4fe67000 	C:\Windows\system32\opengl32.dll
0x00007fff4ff90000 - 0x00007fff4ffbc000 	C:\Windows\SYSTEM32\GLU32.dll
0x00007fff533c0000 - 0x00007fff53440000 	C:\Program Files\Java\jdk-12\bin\freetype.dll
0x00007fff53350000 - 0x00007fff533bf000 	C:\Program Files\Java\jdk-12\bin\fontmanager.dll
0x00007fff59840000 - 0x00007fff598d5000 	C:\Windows\System32\TextInputFramework.dll
0x00007fff60a30000 - 0x00007fff60d52000 	C:\Windows\System32\CoreUIComponents.dll
0x00007fff63980000 - 0x00007fff63a62000 	C:\Windows\System32\CoreMessaging.dll
0x00007fff66380000 - 0x00007fff663b1000 	C:\Windows\SYSTEM32\ntmarta.dll
0x00007fff63ea0000 - 0x00007fff63ff3000 	C:\Windows\SYSTEM32\wintypes.dll
0x00007fff6af30000 - 0x00007fff6afd2000 	C:\Windows\System32\clbcatq.dll
0x00007fff60240000 - 0x00007fff603f8000 	C:\Windows\SYSTEM32\WindowsCodecs.dll
0x00007fff60410000 - 0x00007fff60466000 	C:\Windows\system32\dataexchange.dll
0x00007fff62d70000 - 0x00007fff62fee000 	C:\Windows\system32\d3d11.dll
0x00007fff63300000 - 0x00007fff634c3000 	C:\Windows\system32\dcomp.dll
0x00007fff65da0000 - 0x00007fff65e62000 	C:\Windows\system32\dxgi.dll
0x00007fff65000000 - 0x00007fff6520d000 	C:\Windows\system32\twinapi.appcore.dll
0x00007fff65230000 - 0x00007fff65258000 	C:\Windows\system32\RMCLIENT.dll
0x00007fff5beb0000 - 0x00007fff5beb7000 	C:\Program Files\Java\jdk-12\bin\jawt.dll
0x0000000010000000 - 0x000000001000e000 	C:\Users\Ujjwal\.swt\lib\win32\x86_64\swt-awt-win32-4332.dll

dbghelp: loaded successfully - version: 4.0.5 - missing functions: none
symbol engine: initialized successfully - sym options: 0x614 - pdb path: .;C:\Program Files\Java\jdk-12\bin;C:\Windows\SYSTEM32;C:\Windows\WinSxS\amd64_microsoft.windows.common-controls_6595b64144ccf1df_6.0.17763.678_none_05b74150071d72bf;C:\Program Files\Java\jdk-12\bin\server;C:\Users\Ujjwal\.swt\lib\win32\x86_64

VM Arguments:
jvm_args: -Dfile.encoding=Cp1252 
java_command: MoviePage
java_class_path (initial): E:\java application\Login Form\bin;E:\java application\DJNativeSwing.jar;E:\java application\org.eclipse.swt.win32.win32.x86_64-4.3.jar;E:\java application\DJNativeSwing-SWT.jar
Launcher Type: SUN_STANDARD

[Global flags]
     intx CICompilerCount                          = 4                                         {product} {ergonomic}
     uint ConcGCThreads                            = 2                                         {product} {ergonomic}
     uint G1ConcRefinementThreads                  = 8                                         {product} {ergonomic}
   size_t G1HeapRegionSize                         = 1048576                                   {product} {ergonomic}
    uintx GCDrainStackTargetSize                   = 64                                        {product} {ergonomic}
   size_t InitialHeapSize                          = 134217728                                 {product} {ergonomic}
   size_t MarkStackSize                            = 4194304                                   {product} {ergonomic}
   size_t MaxHeapSize                              = 2126512128                                {product} {ergonomic}
   size_t MaxNewSize                               = 1275068416                                {product} {ergonomic}
   size_t MinHeapDeltaBytes                        = 1048576                                   {product} {ergonomic}
    uintx NonNMethodCodeHeapSize                   = 5836300                                {pd product} {ergonomic}
    uintx NonProfiledCodeHeapSize                  = 122910970                              {pd product} {ergonomic}
    uintx ProfiledCodeHeapSize                     = 122910970                              {pd product} {ergonomic}
    uintx ReservedCodeCacheSize                    = 251658240                              {pd product} {ergonomic}
     bool SegmentedCodeCache                       = true                                      {product} {ergonomic}
     bool UseCompressedClassPointers               = true                                 {lp64_product} {ergonomic}
     bool UseCompressedOops                        = true                                 {lp64_product} {ergonomic}
     bool UseG1GC                                  = true                                      {product} {ergonomic}
     bool UseLargePagesIndividualAllocation        = false                                  {pd product} {ergonomic}

Logging:
Log output configuration:
 #0: stdout all=warning uptime,level,tags
 #1: stderr all=off uptime,level,tags

Environment Variables:
PATH=C:/Program Files/Java/jdk-12/bin/server;C:/Program Files/Java/jdk-12/bin;C:\Windows\system32;C:\Windows;C:\Windows\System32\Wbem;C:\Windows\System32\WindowsPowerShell\v1.0\;C:\Windows\System32\OpenSSH\;C:\Program Files\nodejs\;C:\Program Files\Java\jdk-12\bin;C:\Program Files\Git\cmd;C:\Users\Ujjwal\AppData\Local\Microsoft\WindowsApps;;C:\Users\Ujjwal\AppData\Local\Programs\Microsoft VS Code\bin;C:\Users\Ujjwal\AppData\Roaming\npm;C:\Users\Ujjwal\Desktop;
USERNAME=Ujjwal
OS=Windows_NT
PROCESSOR_IDENTIFIER=Intel64 Family 6 Model 142 Stepping 10, GenuineIntel



---------------  S Y S T E M  ---------------

OS: Windows 10 , 64 bit Build 17763 (10.0.17763.475)

CPU:total 8 (initial active 8) (4 cores per cpu, 2 threads per core) family 6 model 142 stepping 10, cmov, cx8, fxsr, mmx, sse, sse2, sse3, ssse3, sse4.1, sse4.2, popcnt, avx, avx2, aes, clmul, erms, 3dnowpref, lzcnt, ht, tsc, tscinvbit, bmi1, bmi2, adx, fma

Memory: 4k page, system-wide physical 8108M (409M free)
TotalPageFile size 20803M (AvailPageFile size 8M)
current process WorkingSet (physical memory assigned to process): 85M, peak: 99M
current process commit charge ("private bytes"): 231M, peak: 248M

vm_info: Java HotSpot(TM) 64-Bit Server VM (12+33) for windows-amd64 JRE (12+33), built on Feb 21 2019 02:31:50 by "mach5one" with MS VC++ 15.5 (VS2017)

END.
