#
# There is insufficient memory for the Java Runtime Environment to continue.
# Native memory allocation (malloc) failed to allocate 181456 bytes for Chunk::new
# Possible reasons:
#   The system is out of physical RAM or swap space
#   The process is running with CompressedOops enabled, and the Java Heap may be blocking the growth of the native heap
# Possible solutions:
#   Reduce memory load on the system
#   Increase physical memory or swap space
#   Check if swap backing store is full
#   Decrease Java heap size (-Xmx/-Xms)
#   Decrease number of Java threads
#   Decrease Java thread stack sizes (-Xss)
#   Set larger code cache with -XX:ReservedCodeCacheSize=
#   JVM is running with Unscaled Compressed Oops mode in which the Java heap is
#     placed in the first 4GB address space. The Java Heap base address is the
#     maximum limit for the native heap growth. Please use -XX:HeapBaseMinAddress
#     to set the Java Heap base and to place the Java Heap above 4GB virtual address.
# This output file may be truncated or incomplete.
#
#  Out of Memory Error (t:/workspace/open/src/hotspot/share/memory/arena.cpp:197), pid=10284, tid=4056
#
# JRE version: Java(TM) SE Runtime Environment (12.0+33) (build 12+33)
# Java VM: Java HotSpot(TM) 64-Bit Server VM (12+33, mixed mode, sharing, tiered, compressed oops, g1 gc, windows-amd64)
# No core dump will be written. Minidumps are not enabled by default on client versions of Windows
#

---------------  S U M M A R Y ------------

Command Line: -Djava.library.path=C:\Program Files\Java\jdk-12\bin;C:\Windows\Sun\Java\bin;C:\Windows\system32;C:\Windows;C:/Program Files/Java/jdk-12/bin/server;C:/Program Files/Java/jdk-12/bin;C:\Windows\system32;C:\Windows;C:\Windows\System32\Wbem;C:\Windows\System32\WindowsPowerShell\v1.0\;C:\Windows\System32\OpenSSH\;C:\Program Files\nodejs\;C:\Program Files\Java\jdk-12\bin;C:\Program Files\Git\cmd;C:\Users\Ujjwal\AppData\Local\Microsoft\WindowsApps;;C:\Users\Ujjwal\AppData\Local\Programs\Microsoft VS Code\bin;C:\Users\Ujjwal\AppData\Roaming\npm;C:\Users\Ujjwal\Desktop;;. -Dnativeswing.localhostAddress=127.0.0.1 chrriis.dj.nativeswing.swtimpl.NativeInterface 1 50186

Host: Intel(R) Core(TM) i5-8250U CPU @ 1.60GHz, 8 cores, 7G,  Windows 10 , 64 bit Build 17763 (10.0.17763.475)
Time: Sun Aug 18 16:14:43 2019 India Standard Time elapsed time: 2050 seconds (0d 0h 34m 10s)

---------------  T H R E A D  ---------------

Current thread (0x000001e393804800):  JavaThread "C2 CompilerThread0" daemon [_thread_in_native, id=4056, stack(0x0000008781900000,0x0000008781a00000)]


Current CompileTask:
C2:2050175  728       4       org.eclipse.swt.ole.win32.OleFrame$2::run (226 bytes)

Stack: [0x0000008781900000,0x0000008781a00000]
Native frames: (J=compiled Java code, j=interpreted, Vv=VM code, C=native code)
V  [jvm.dll+0x63948a]
V  [jvm.dll+0x78b31f]
V  [jvm.dll+0x78c9c1]
V  [jvm.dll+0x78d013]
V  [jvm.dll+0x262138]
V  [jvm.dll+0xc582c]
V  [jvm.dll+0xc5dac]
V  [jvm.dll+0x3796a7]
V  [jvm.dll+0x345493]
V  [jvm.dll+0x34485a]
V  [jvm.dll+0x21c035]
V  [jvm.dll+0x21b20a]
V  [jvm.dll+0x199890]
V  [jvm.dll+0x22a534]
V  [jvm.dll+0x228b88]
V  [jvm.dll+0x74f660]
V  [jvm.dll+0x748648]
V  [jvm.dll+0x638566]
C  [ucrtbase.dll+0x21ffa]
C  [KERNEL32.DLL+0x17974]
C  [ntdll.dll+0x6a271]


---------------  P R O C E S S  ---------------

Threads class SMR info:
_java_thread_list=0x000001e394b6e020, length=12, elements={
0x000001e3f2ad8800, 0x000001e3937e8800, 0x000001e3937e9800, 0x000001e393800800,
0x000001e393802800, 0x000001e393804800, 0x000001e39380d000, 0x000001e394110800,
0x000001e394270000, 0x000001e394276000, 0x000001e394306000, 0x000001e394b72000
}

Java Threads: ( => current thread )
  0x000001e3f2ad8800 JavaThread "main" [_thread_in_native, id=10668, stack(0x0000008780e00000,0x0000008780f00000)]
  0x000001e3937e8800 JavaThread "Reference Handler" daemon [_thread_blocked, id=8980, stack(0x0000008781500000,0x0000008781600000)]
  0x000001e3937e9800 JavaThread "Finalizer" daemon [_thread_blocked, id=6888, stack(0x0000008781600000,0x0000008781700000)]
  0x000001e393800800 JavaThread "Signal Dispatcher" daemon [_thread_blocked, id=9304, stack(0x0000008781700000,0x0000008781800000)]
  0x000001e393802800 JavaThread "Attach Listener" daemon [_thread_blocked, id=2812, stack(0x0000008781800000,0x0000008781900000)]
=>0x000001e393804800 JavaThread "C2 CompilerThread0" daemon [_thread_in_native, id=4056, stack(0x0000008781900000,0x0000008781a00000)]
  0x000001e39380d000 JavaThread "C1 CompilerThread0" daemon [_thread_blocked, id=10620, stack(0x0000008781a00000,0x0000008781b00000)]
  0x000001e394110800 JavaThread "Sweeper thread" daemon [_thread_blocked, id=2452, stack(0x0000008781b00000,0x0000008781c00000)]
  0x000001e394270000 JavaThread "Service Thread" daemon [_thread_blocked, id=8528, stack(0x0000008781c00000,0x0000008781d00000)]
  0x000001e394276000 JavaThread "Common-Cleaner" daemon [_thread_blocked, id=6216, stack(0x0000008781e00000,0x0000008781f00000)]
  0x000001e394306000 JavaThread "NativeSwing[1] SWT Receiver" daemon [_thread_in_native, id=4140, stack(0x0000008782000000,0x0000008782100000)]
  0x000001e394b72000 JavaThread "Registry cleanup thread-0" daemon [_thread_blocked, id=1564, stack(0x0000008782300000,0x0000008782400000)]

Other Threads:
  0x000001e3937e5000 VMThread "VM Thread" [stack: 0x0000008781400000,0x0000008781500000] [id=9124]
  0x000001e394275000 WatcherThread [stack: 0x0000008781d00000,0x0000008781e00000] [id=7964]
  0x000001e3f2b17000 GCTaskThread "GC Thread#0" [stack: 0x0000008780f00000,0x0000008781000000] [id=6188]
  0x000001e39513d000 GCTaskThread "GC Thread#1" [stack: 0x0000008780b00000,0x0000008780c00000] [id=14032]
  0x000001e394bad800 GCTaskThread "GC Thread#2" [stack: 0x0000008780c00000,0x0000008780d00000] [id=6624]
  0x000001e3f2b25800 ConcurrentGCThread "G1 Main Marker" [stack: 0x0000008781000000,0x0000008781100000] [id=5932]
  0x000001e3f2b28000 ConcurrentGCThread "G1 Conc#0" [stack: 0x0000008781100000,0x0000008781200000] [id=10908]
  0x000001e39365e800 ConcurrentGCThread "G1 Refine#0" [stack: 0x0000008781200000,0x0000008781300000] [id=10024]
  0x000001e393660000 ConcurrentGCThread "G1 Young RemSet Sampling" [stack: 0x0000008781300000,0x0000008781400000] [id=1924]

Threads with active compile tasks:
C2 CompilerThread0   728       4       org.eclipse.swt.ole.win32.OleFrame$2::run (226 bytes)

VM state:not at safepoint (normal execution)

VM Mutex/Monitor currently owned by a thread: None

Heap address: 0x0000000081400000, size: 2028 MB, Compressed Oops mode: 32-bit
Narrow klass base: 0x0000000800000000, Narrow klass shift: 3
Compressed class space size: 1073741824 Address: 0x00000008011a0000

Heap:
 garbage-first heap   total 131072K, used 2717K [0x0000000081400000, 0x0000000100000000)
  region size 1024K, 4 young (4096K), 2 survivors (2048K)
 Metaspace       used 5296K, capacity 7465K, committed 7808K, reserved 1056768K
  class space    used 532K, capacity 781K, committed 896K, reserved 1048576K
Heap Regions: E=young(eden), S=young(survivor), O=old, HS=humongous(starts), HC=humongous(continues), CS=collection set, F=free, A=archive, TAMS=top-at-mark-start (previous, next)
|   0|0x0000000081400000, 0x0000000081400000, 0x0000000081500000|  0%| F|  |TAMS 0x0000000081400000, 0x0000000081400000| Untracked 
|   1|0x0000000081500000, 0x0000000081500000, 0x0000000081600000|  0%| F|  |TAMS 0x0000000081500000, 0x0000000081500000| Untracked 
|   2|0x0000000081600000, 0x0000000081600000, 0x0000000081700000|  0%| F|  |TAMS 0x0000000081600000, 0x0000000081600000| Untracked 
|   3|0x0000000081700000, 0x0000000081700000, 0x0000000081800000|  0%| F|  |TAMS 0x0000000081700000, 0x0000000081700000| Untracked 
|   4|0x0000000081800000, 0x0000000081800000, 0x0000000081900000|  0%| F|  |TAMS 0x0000000081800000, 0x0000000081800000| Untracked 
|   5|0x0000000081900000, 0x0000000081900000, 0x0000000081a00000|  0%| F|  |TAMS 0x0000000081900000, 0x0000000081900000| Untracked 
|   6|0x0000000081a00000, 0x0000000081a00000, 0x0000000081b00000|  0%| F|  |TAMS 0x0000000081a00000, 0x0000000081a00000| Untracked 
|   7|0x0000000081b00000, 0x0000000081b00000, 0x0000000081c00000|  0%| F|  |TAMS 0x0000000081b00000, 0x0000000081b00000| Untracked 
|   8|0x0000000081c00000, 0x0000000081c00000, 0x0000000081d00000|  0%| F|  |TAMS 0x0000000081c00000, 0x0000000081c00000| Untracked 
|   9|0x0000000081d00000, 0x0000000081d00000, 0x0000000081e00000|  0%| F|  |TAMS 0x0000000081d00000, 0x0000000081d00000| Untracked 
|  10|0x0000000081e00000, 0x0000000081e00000, 0x0000000081f00000|  0%| F|  |TAMS 0x0000000081e00000, 0x0000000081e00000| Untracked 
|  11|0x0000000081f00000, 0x0000000081f00000, 0x0000000082000000|  0%| F|  |TAMS 0x0000000081f00000, 0x0000000081f00000| Untracked 
|  12|0x0000000082000000, 0x0000000082000000, 0x0000000082100000|  0%| F|  |TAMS 0x0000000082000000, 0x0000000082000000| Untracked 
|  13|0x0000000082100000, 0x0000000082100000, 0x0000000082200000|  0%| F|  |TAMS 0x0000000082100000, 0x0000000082100000| Untracked 
|  14|0x0000000082200000, 0x0000000082200000, 0x0000000082300000|  0%| F|  |TAMS 0x0000000082200000, 0x0000000082200000| Untracked 
|  15|0x0000000082300000, 0x0000000082300000, 0x0000000082400000|  0%| F|  |TAMS 0x0000000082300000, 0x0000000082300000| Untracked 
|  16|0x0000000082400000, 0x0000000082400000, 0x0000000082500000|  0%| F|  |TAMS 0x0000000082400000, 0x0000000082400000| Untracked 
|  17|0x0000000082500000, 0x0000000082500000, 0x0000000082600000|  0%| F|  |TAMS 0x0000000082500000, 0x0000000082500000| Untracked 
|  18|0x0000000082600000, 0x0000000082600000, 0x0000000082700000|  0%| F|  |TAMS 0x0000000082600000, 0x0000000082600000| Untracked 
|  19|0x0000000082700000, 0x0000000082700000, 0x0000000082800000|  0%| F|  |TAMS 0x0000000082700000, 0x0000000082700000| Untracked 
|  20|0x0000000082800000, 0x0000000082800000, 0x0000000082900000|  0%| F|  |TAMS 0x0000000082800000, 0x0000000082800000| Untracked 
|  21|0x0000000082900000, 0x0000000082900000, 0x0000000082a00000|  0%| F|  |TAMS 0x0000000082900000, 0x0000000082900000| Untracked 
|  22|0x0000000082a00000, 0x0000000082a00000, 0x0000000082b00000|  0%| F|  |TAMS 0x0000000082a00000, 0x0000000082a00000| Untracked 
|  23|0x0000000082b00000, 0x0000000082b00000, 0x0000000082c00000|  0%| F|  |TAMS 0x0000000082b00000, 0x0000000082b00000| Untracked 
|  24|0x0000000082c00000, 0x0000000082c00000, 0x0000000082d00000|  0%| F|  |TAMS 0x0000000082c00000, 0x0000000082c00000| Untracked 
|  25|0x0000000082d00000, 0x0000000082d00000, 0x0000000082e00000|  0%| F|  |TAMS 0x0000000082d00000, 0x0000000082d00000| Untracked 
|  26|0x0000000082e00000, 0x0000000082e00000, 0x0000000082f00000|  0%| F|  |TAMS 0x0000000082e00000, 0x0000000082e00000| Untracked 
|  27|0x0000000082f00000, 0x0000000082f00000, 0x0000000083000000|  0%| F|  |TAMS 0x0000000082f00000, 0x0000000082f00000| Untracked 
|  28|0x0000000083000000, 0x0000000083000000, 0x0000000083100000|  0%| F|  |TAMS 0x0000000083000000, 0x0000000083000000| Untracked 
|  29|0x0000000083100000, 0x0000000083100000, 0x0000000083200000|  0%| F|  |TAMS 0x0000000083100000, 0x0000000083100000| Untracked 
|  30|0x0000000083200000, 0x0000000083200000, 0x0000000083300000|  0%| F|  |TAMS 0x0000000083200000, 0x0000000083200000| Untracked 
|  31|0x0000000083300000, 0x0000000083300000, 0x0000000083400000|  0%| F|  |TAMS 0x0000000083300000, 0x0000000083300000| Untracked 
|  32|0x0000000083400000, 0x0000000083400000, 0x0000000083500000|  0%| F|  |TAMS 0x0000000083400000, 0x0000000083400000| Untracked 
|  33|0x0000000083500000, 0x0000000083500000, 0x0000000083600000|  0%| F|  |TAMS 0x0000000083500000, 0x0000000083500000| Untracked 
|  34|0x0000000083600000, 0x0000000083600000, 0x0000000083700000|  0%| F|  |TAMS 0x0000000083600000, 0x0000000083600000| Untracked 
|  35|0x0000000083700000, 0x0000000083700000, 0x0000000083800000|  0%| F|  |TAMS 0x0000000083700000, 0x0000000083700000| Untracked 
|  36|0x0000000083800000, 0x0000000083800000, 0x0000000083900000|  0%| F|  |TAMS 0x0000000083800000, 0x0000000083800000| Untracked 
|  37|0x0000000083900000, 0x0000000083900000, 0x0000000083a00000|  0%| F|  |TAMS 0x0000000083900000, 0x0000000083900000| Untracked 
|  38|0x0000000083a00000, 0x0000000083a00000, 0x0000000083b00000|  0%| F|  |TAMS 0x0000000083a00000, 0x0000000083a00000| Untracked 
|  39|0x0000000083b00000, 0x0000000083b00000, 0x0000000083c00000|  0%| F|  |TAMS 0x0000000083b00000, 0x0000000083b00000| Untracked 
|  40|0x0000000083c00000, 0x0000000083c00000, 0x0000000083d00000|  0%| F|  |TAMS 0x0000000083c00000, 0x0000000083c00000| Untracked 
|  41|0x0000000083d00000, 0x0000000083d00000, 0x0000000083e00000|  0%| F|  |TAMS 0x0000000083d00000, 0x0000000083d00000| Untracked 
|  42|0x0000000083e00000, 0x0000000083e00000, 0x0000000083f00000|  0%| F|  |TAMS 0x0000000083e00000, 0x0000000083e00000| Untracked 
|  43|0x0000000083f00000, 0x0000000083f00000, 0x0000000084000000|  0%| F|  |TAMS 0x0000000083f00000, 0x0000000083f00000| Untracked 
|  44|0x0000000084000000, 0x0000000084000000, 0x0000000084100000|  0%| F|  |TAMS 0x0000000084000000, 0x0000000084000000| Untracked 
|  45|0x0000000084100000, 0x0000000084100000, 0x0000000084200000|  0%| F|  |TAMS 0x0000000084100000, 0x0000000084100000| Untracked 
|  46|0x0000000084200000, 0x0000000084200000, 0x0000000084300000|  0%| F|  |TAMS 0x0000000084200000, 0x0000000084200000| Untracked 
|  47|0x0000000084300000, 0x0000000084300000, 0x0000000084400000|  0%| F|  |TAMS 0x0000000084300000, 0x0000000084300000| Untracked 
|  48|0x0000000084400000, 0x0000000084400000, 0x0000000084500000|  0%| F|  |TAMS 0x0000000084400000, 0x0000000084400000| Untracked 
|  49|0x0000000084500000, 0x0000000084500000, 0x0000000084600000|  0%| F|  |TAMS 0x0000000084500000, 0x0000000084500000| Untracked 
|  50|0x0000000084600000, 0x0000000084600000, 0x0000000084700000|  0%| F|  |TAMS 0x0000000084600000, 0x0000000084600000| Untracked 
|  51|0x0000000084700000, 0x0000000084700000, 0x0000000084800000|  0%| F|  |TAMS 0x0000000084700000, 0x0000000084700000| Untracked 
|  52|0x0000000084800000, 0x0000000084800000, 0x0000000084900000|  0%| F|  |TAMS 0x0000000084800000, 0x0000000084800000| Untracked 
|  53|0x0000000084900000, 0x0000000084900000, 0x0000000084a00000|  0%| F|  |TAMS 0x0000000084900000, 0x0000000084900000| Untracked 
|  54|0x0000000084a00000, 0x0000000084a00000, 0x0000000084b00000|  0%| F|  |TAMS 0x0000000084a00000, 0x0000000084a00000| Untracked 
|  55|0x0000000084b00000, 0x0000000084b00000, 0x0000000084c00000|  0%| F|  |TAMS 0x0000000084b00000, 0x0000000084b00000| Untracked 
|  56|0x0000000084c00000, 0x0000000084c00000, 0x0000000084d00000|  0%| F|  |TAMS 0x0000000084c00000, 0x0000000084c00000| Untracked 
|  57|0x0000000084d00000, 0x0000000084d00000, 0x0000000084e00000|  0%| F|  |TAMS 0x0000000084d00000, 0x0000000084d00000| Untracked 
|  58|0x0000000084e00000, 0x0000000084e00000, 0x0000000084f00000|  0%| F|  |TAMS 0x0000000084e00000, 0x0000000084e00000| Untracked 
|  59|0x0000000084f00000, 0x0000000084f00000, 0x0000000085000000|  0%| F|  |TAMS 0x0000000084f00000, 0x0000000084f00000| Untracked 
|  60|0x0000000085000000, 0x0000000085000000, 0x0000000085100000|  0%| F|  |TAMS 0x0000000085000000, 0x0000000085000000| Untracked 
|  61|0x0000000085100000, 0x0000000085100000, 0x0000000085200000|  0%| F|  |TAMS 0x0000000085100000, 0x0000000085100000| Untracked 
|  62|0x0000000085200000, 0x0000000085200000, 0x0000000085300000|  0%| F|  |TAMS 0x0000000085200000, 0x0000000085200000| Untracked 
|  63|0x0000000085300000, 0x0000000085300000, 0x0000000085400000|  0%| F|  |TAMS 0x0000000085300000, 0x0000000085300000| Untracked 
|  64|0x0000000085400000, 0x0000000085400000, 0x0000000085500000|  0%| F|  |TAMS 0x0000000085400000, 0x0000000085400000| Untracked 
|  65|0x0000000085500000, 0x0000000085500000, 0x0000000085600000|  0%| F|  |TAMS 0x0000000085500000, 0x0000000085500000| Untracked 
|  66|0x0000000085600000, 0x0000000085600000, 0x0000000085700000|  0%| F|  |TAMS 0x0000000085600000, 0x0000000085600000| Untracked 
|  67|0x0000000085700000, 0x0000000085700000, 0x0000000085800000|  0%| F|  |TAMS 0x0000000085700000, 0x0000000085700000| Untracked 
|  68|0x0000000085800000, 0x0000000085800000, 0x0000000085900000|  0%| F|  |TAMS 0x0000000085800000, 0x0000000085800000| Untracked 
|  69|0x0000000085900000, 0x0000000085900000, 0x0000000085a00000|  0%| F|  |TAMS 0x0000000085900000, 0x0000000085900000| Untracked 
|  70|0x0000000085a00000, 0x0000000085a00000, 0x0000000085b00000|  0%| F|  |TAMS 0x0000000085a00000, 0x0000000085a00000| Untracked 
|  71|0x0000000085b00000, 0x0000000085b00000, 0x0000000085c00000|  0%| F|  |TAMS 0x0000000085b00000, 0x0000000085b00000| Untracked 
|  72|0x0000000085c00000, 0x0000000085c00000, 0x0000000085d00000|  0%| F|  |TAMS 0x0000000085c00000, 0x0000000085c00000| Untracked 
|  73|0x0000000085d00000, 0x0000000085d00000, 0x0000000085e00000|  0%| F|  |TAMS 0x0000000085d00000, 0x0000000085d00000| Untracked 
|  74|0x0000000085e00000, 0x0000000085e00000, 0x0000000085f00000|  0%| F|  |TAMS 0x0000000085e00000, 0x0000000085e00000| Untracked 
|  75|0x0000000085f00000, 0x0000000085f00000, 0x0000000086000000|  0%| F|  |TAMS 0x0000000085f00000, 0x0000000085f00000| Untracked 
|  76|0x0000000086000000, 0x0000000086000000, 0x0000000086100000|  0%| F|  |TAMS 0x0000000086000000, 0x0000000086000000| Untracked 
|  77|0x0000000086100000, 0x0000000086100000, 0x0000000086200000|  0%| F|  |TAMS 0x0000000086100000, 0x0000000086100000| Untracked 
|  78|0x0000000086200000, 0x0000000086200000, 0x0000000086300000|  0%| F|  |TAMS 0x0000000086200000, 0x0000000086200000| Untracked 
|  79|0x0000000086300000, 0x0000000086300000, 0x0000000086400000|  0%| F|  |TAMS 0x0000000086300000, 0x0000000086300000| Untracked 
|  80|0x0000000086400000, 0x0000000086400000, 0x0000000086500000|  0%| F|  |TAMS 0x0000000086400000, 0x0000000086400000| Untracked 
|  81|0x0000000086500000, 0x0000000086500000, 0x0000000086600000|  0%| F|  |TAMS 0x0000000086500000, 0x0000000086500000| Untracked 
|  82|0x0000000086600000, 0x0000000086600000, 0x0000000086700000|  0%| F|  |TAMS 0x0000000086600000, 0x0000000086600000| Untracked 
|  83|0x0000000086700000, 0x0000000086700000, 0x0000000086800000|  0%| F|  |TAMS 0x0000000086700000, 0x0000000086700000| Untracked 
|  84|0x0000000086800000, 0x0000000086800000, 0x0000000086900000|  0%| F|  |TAMS 0x0000000086800000, 0x0000000086800000| Untracked 
|  85|0x0000000086900000, 0x0000000086900000, 0x0000000086a00000|  0%| F|  |TAMS 0x0000000086900000, 0x0000000086900000| Untracked 
|  86|0x0000000086a00000, 0x0000000086a00000, 0x0000000086b00000|  0%| F|  |TAMS 0x0000000086a00000, 0x0000000086a00000| Untracked 
|  87|0x0000000086b00000, 0x0000000086b00000, 0x0000000086c00000|  0%| F|  |TAMS 0x0000000086b00000, 0x0000000086b00000| Untracked 
|  88|0x0000000086c00000, 0x0000000086c00000, 0x0000000086d00000|  0%| F|  |TAMS 0x0000000086c00000, 0x0000000086c00000| Untracked 
|  89|0x0000000086d00000, 0x0000000086d00000, 0x0000000086e00000|  0%| F|  |TAMS 0x0000000086d00000, 0x0000000086d00000| Untracked 
|  90|0x0000000086e00000, 0x0000000086e00000, 0x0000000086f00000|  0%| F|  |TAMS 0x0000000086e00000, 0x0000000086e00000| Untracked 
|  91|0x0000000086f00000, 0x0000000086f00000, 0x0000000087000000|  0%| F|  |TAMS 0x0000000086f00000, 0x0000000086f00000| Untracked 
|  92|0x0000000087000000, 0x0000000087000000, 0x0000000087100000|  0%| F|  |TAMS 0x0000000087000000, 0x0000000087000000| Untracked 
|  93|0x0000000087100000, 0x0000000087100000, 0x0000000087200000|  0%| F|  |TAMS 0x0000000087100000, 0x0000000087100000| Untracked 
|  94|0x0000000087200000, 0x0000000087200000, 0x0000000087300000|  0%| F|  |TAMS 0x0000000087200000, 0x0000000087200000| Untracked 
|  95|0x0000000087300000, 0x0000000087300000, 0x0000000087400000|  0%| F|  |TAMS 0x0000000087300000, 0x0000000087300000| Untracked 
|  96|0x0000000087400000, 0x0000000087400000, 0x0000000087500000|  0%| F|  |TAMS 0x0000000087400000, 0x0000000087400000| Untracked 
|  97|0x0000000087500000, 0x0000000087500000, 0x0000000087600000|  0%| F|  |TAMS 0x0000000087500000, 0x0000000087500000| Untracked 
|  98|0x0000000087600000, 0x0000000087600000, 0x0000000087700000|  0%| F|  |TAMS 0x0000000087600000, 0x0000000087600000| Untracked 
|  99|0x0000000087700000, 0x0000000087700000, 0x0000000087800000|  0%| F|  |TAMS 0x0000000087700000, 0x0000000087700000| Untracked 
| 100|0x0000000087800000, 0x0000000087800000, 0x0000000087900000|  0%| F|  |TAMS 0x0000000087800000, 0x0000000087800000| Untracked 
| 101|0x0000000087900000, 0x0000000087900000, 0x0000000087a00000|  0%| F|  |TAMS 0x0000000087900000, 0x0000000087900000| Untracked 
| 102|0x0000000087a00000, 0x0000000087aa74f8, 0x0000000087b00000| 65%| S|CS|TAMS 0x0000000087a00000, 0x0000000087a00000| Complete 
| 103|0x0000000087b00000, 0x0000000087c00000, 0x0000000087c00000|100%| S|CS|TAMS 0x0000000087b00000, 0x0000000087b00000| Complete 
| 104|0x0000000087c00000, 0x0000000087c00000, 0x0000000087d00000|  0%| F|  |TAMS 0x0000000087c00000, 0x0000000087c00000| Untracked 
| 105|0x0000000087d00000, 0x0000000087d00000, 0x0000000087e00000|  0%| F|  |TAMS 0x0000000087d00000, 0x0000000087d00000| Untracked 
| 106|0x0000000087e00000, 0x0000000087e00000, 0x0000000087f00000|  0%| F|  |TAMS 0x0000000087e00000, 0x0000000087e00000| Untracked 
| 107|0x0000000087f00000, 0x0000000087f00000, 0x0000000088000000|  0%| F|  |TAMS 0x0000000087f00000, 0x0000000087f00000| Untracked 
| 108|0x0000000088000000, 0x0000000088000000, 0x0000000088100000|  0%| F|  |TAMS 0x0000000088000000, 0x0000000088000000| Untracked 
| 109|0x0000000088100000, 0x0000000088100000, 0x0000000088200000|  0%| F|  |TAMS 0x0000000088100000, 0x0000000088100000| Untracked 
| 110|0x0000000088200000, 0x0000000088200000, 0x0000000088300000|  0%| F|  |TAMS 0x0000000088200000, 0x0000000088200000| Untracked 
| 111|0x0000000088300000, 0x0000000088300000, 0x0000000088400000|  0%| F|  |TAMS 0x0000000088300000, 0x0000000088300000| Untracked 
| 112|0x0000000088400000, 0x0000000088400000, 0x0000000088500000|  0%| F|  |TAMS 0x0000000088400000, 0x0000000088400000| Untracked 
| 113|0x0000000088500000, 0x0000000088500000, 0x0000000088600000|  0%| F|  |TAMS 0x0000000088500000, 0x0000000088500000| Untracked 
| 114|0x0000000088600000, 0x0000000088600000, 0x0000000088700000|  0%| F|  |TAMS 0x0000000088600000, 0x0000000088600000| Untracked 
| 115|0x0000000088700000, 0x0000000088700000, 0x0000000088800000|  0%| F|  |TAMS 0x0000000088700000, 0x0000000088700000| Untracked 
| 116|0x0000000088800000, 0x0000000088800000, 0x0000000088900000|  0%| F|  |TAMS 0x0000000088800000, 0x0000000088800000| Untracked 
| 117|0x0000000088900000, 0x0000000088900000, 0x0000000088a00000|  0%| F|  |TAMS 0x0000000088900000, 0x0000000088900000| Untracked 
| 118|0x0000000088a00000, 0x0000000088a00000, 0x0000000088b00000|  0%| F|  |TAMS 0x0000000088a00000, 0x0000000088a00000| Untracked 
| 119|0x0000000088b00000, 0x0000000088b00000, 0x0000000088c00000|  0%| F|  |TAMS 0x0000000088b00000, 0x0000000088b00000| Untracked 
| 120|0x0000000088c00000, 0x0000000088c00000, 0x0000000088d00000|  0%| F|  |TAMS 0x0000000088c00000, 0x0000000088c00000| Untracked 
| 121|0x0000000088d00000, 0x0000000088d00000, 0x0000000088e00000|  0%| F|  |TAMS 0x0000000088d00000, 0x0000000088d00000| Untracked 
| 122|0x0000000088e00000, 0x0000000088e00000, 0x0000000088f00000|  0%| F|  |TAMS 0x0000000088e00000, 0x0000000088e00000| Untracked 
| 123|0x0000000088f00000, 0x0000000088f00000, 0x0000000089000000|  0%| F|  |TAMS 0x0000000088f00000, 0x0000000088f00000| Untracked 
| 124|0x0000000089000000, 0x0000000089000000, 0x0000000089100000|  0%| F|  |TAMS 0x0000000089000000, 0x0000000089000000| Untracked 
| 125|0x0000000089100000, 0x0000000089100000, 0x0000000089200000|  0%| F|  |TAMS 0x0000000089100000, 0x0000000089100000| Untracked 
| 126|0x0000000089200000, 0x0000000089280800, 0x0000000089300000| 50%| E|  |TAMS 0x0000000089200000, 0x0000000089200000| Complete 
| 127|0x0000000089300000, 0x0000000089400000, 0x0000000089400000|100%| E|CS|TAMS 0x0000000089300000, 0x0000000089300000| Complete 

Card table byte_map: [0x000001e3fd530000,0x000001e3fd930000] _byte_map_base: 0x000001e3fd126000

Marking Bits (Prev, Next): (CMBitMap*) 0x000001e3f2b18f08, (CMBitMap*) 0x000001e3f2b18f48
 Prev Bits: [0x000001e3fdd30000, 0x000001e3ffce0000)
 Next Bits: [0x000001e38f000000, 0x000001e390fb0000)

Polling page: 0x000001e3f28c0000

Metaspace:

Usage:
  Non-class:      6.53 MB capacity,     4.65 MB ( 71%) used,     1.86 MB ( 29%) free+waste,    10.50 KB ( <1%) overhead. 
      Class:    781.00 KB capacity,   532.66 KB ( 68%) used,   243.09 KB ( 31%) free+waste,     5.25 KB ( <1%) overhead. 
       Both:      7.29 MB capacity,     5.17 MB ( 71%) used,     2.10 MB ( 29%) free+waste,    15.75 KB ( <1%) overhead. 

Virtual space:
  Non-class space:        8.00 MB reserved,       6.75 MB ( 84%) committed 
      Class space:        1.00 GB reserved,     896.00 KB ( <1%) committed 
             Both:        1.01 GB reserved,       7.63 MB ( <1%) committed 

Chunk freelists:
   Non-Class:  4.50 KB
       Class:  2.38 KB
        Both:  6.88 KB

CodeHeap 'non-profiled nmethods': size=120000Kb used=254Kb max_used=254Kb free=119745Kb
 bounds [0x000001e387ad0000, 0x000001e387d40000, 0x000001e38f000000]
CodeHeap 'profiled nmethods': size=120000Kb used=1393Kb max_used=1393Kb free=118606Kb
 bounds [0x000001e3805a0000, 0x000001e380810000, 0x000001e387ad0000]
CodeHeap 'non-nmethods': size=5760Kb used=1241Kb max_used=1257Kb free=4518Kb
 bounds [0x000001e380000000, 0x000001e380270000, 0x000001e3805a0000]
 total_blobs=1490 nmethods=727 adapters=528
 compilation: enabled
              stopped_count=0, restarted_count=0
 full_count=0

Compilation events (10 events):
Event: 1100.701 Thread 0x000001e393804800 nmethod 723% 0x000001e387b0dd90 code [0x000001e387b0df80, 0x000001e387b0e838]
Event: 1107.535 Thread 0x000001e393804800  724       4       java.util.HashMap$HashIterator::<init> (79 bytes)
Event: 1107.544 Thread 0x000001e393804800 nmethod 724 0x000001e387b0ec90 code [0x000001e387b0ee40, 0x000001e387b0f218]
Event: 1266.730 Thread 0x000001e393804800  725       4       java.util.HashMap$HashIterator::hasNext (13 bytes)
Event: 1266.731 Thread 0x000001e393804800 nmethod 725 0x000001e387b0f390 code [0x000001e387b0f520, 0x000001e387b0f598]
Event: 1298.746 Thread 0x000001e39380d000  726       1       java.util.HashMap$KeySet::size (8 bytes)
Event: 1298.746 Thread 0x000001e39380d000 nmethod 726 0x000001e387b0f610 code [0x000001e387b0f7c0, 0x000001e387b0f8f8]
Event: 2008.372 Thread 0x000001e39380d000  727       3       java.lang.ClassLoader::findNative (81 bytes)
Event: 2008.373 Thread 0x000001e39380d000 nmethod 727 0x000001e3806fb710 code [0x000001e3806fb960, 0x000001e3806fc220]
Event: 2049.938 Thread 0x000001e393804800  728       4       org.eclipse.swt.ole.win32.OleFrame$2::run (226 bytes)

GC Heap History (2 events):
Event: 2008.331 GC heap before
{Heap before GC invocations=0 (full 0):
 garbage-first heap   total 131072K, used 23552K [0x0000000081400000, 0x0000000100000000)
  region size 1024K, 24 young (24576K), 0 survivors (0K)
 Metaspace       used 5293K, capacity 7465K, committed 7808K, reserved 1056768K
  class space    used 532K, capacity 781K, committed 896K, reserved 1048576K
}
Event: 2008.370 GC heap after
{Heap after GC invocations=1 (full 0):
 garbage-first heap   total 131072K, used 1693K [0x0000000081400000, 0x0000000100000000)
  region size 1024K, 2 young (2048K), 2 survivors (2048K)
 Metaspace       used 5293K, capacity 7465K, committed 7808K, reserved 1056768K
  class space    used 532K, capacity 781K, committed 896K, reserved 1048576K
}

Deoptimization events (2 events):
Event: 0.086 Thread 0x000001e3f2ad8800 Uncommon trap: reason=unstable_if action=reinterpret pc=0x000001e387ad4ba4 method=java.lang.String.hashCode()I @ 14 c2
Event: 2049.924 Thread 0x000001e3f2ad8800 Uncommon trap: reason=unstable_if action=reinterpret pc=0x000001e387b0bda0 method=org.eclipse.swt.widgets.Display.messageProc(JJJJ)J @ 2 c2

Classes redefined (0 events):
No events

Internal exceptions (10 events):
Event: 17.947 Thread 0x000001e394306000 Exception <a 'java/lang/NoSuchMethodError'{0x0000000088e9d0a8}: <clinit>> (0x0000000088e9d0a8) thrown at [t:/workspace/open/src/hotspot/share/prims/jni.cpp, line 1362]
Event: 18.026 Thread 0x000001e394306000 Exception <a 'java/lang/NoSuchMethodError'{0x0000000088ea9358}: <clinit>> (0x0000000088ea9358) thrown at [t:/workspace/open/src/hotspot/share/prims/jni.cpp, line 1362]
Event: 18.028 Thread 0x000001e394306000 Exception <a 'java/lang/NoSuchMethodError'{0x0000000088eb4760}: <clinit>> (0x0000000088eb4760) thrown at [t:/workspace/open/src/hotspot/share/prims/jni.cpp, line 1362]
Event: 18.047 Thread 0x000001e3f2ad8800 Exception <a 'java/lang/ClassNotFoundException'{0x0000000088ac2180}: sun/net/www/protocol/about/Handler> (0x0000000088ac2180) thrown at [t:/workspace/open/src/hotspot/share/classfile/systemDictionary.cpp, line 235]
Event: 18.058 Thread 0x000001e3f2ad8800 Exception <a 'java/lang/NoSuchMethodError'{0x0000000088ae7728}: <clinit>> (0x0000000088ae7728) thrown at [t:/workspace/open/src/hotspot/share/prims/jni.cpp, line 1362]
Event: 18.101 Thread 0x000001e3f2ad8800 Exception <a 'java/lang/NoSuchMethodError'{0x0000000088912180}: <clinit>> (0x0000000088912180) thrown at [t:/workspace/open/src/hotspot/share/prims/jni.cpp, line 1362]
Event: 21.096 Thread 0x000001e3f2ad8800 Exception <a 'java/lang/NoSuchMethodError'{0x0000000088926040}: <clinit>> (0x0000000088926040) thrown at [t:/workspace/open/src/hotspot/share/prims/jni.cpp, line 1362]
Event: 21.172 Thread 0x000001e3f2ad8800 Exception <a 'java/lang/NoSuchMethodError'{0x000000008893f078}: <clinit>> (0x000000008893f078) thrown at [t:/workspace/open/src/hotspot/share/prims/jni.cpp, line 1362]
Event: 21.558 Thread 0x000001e3f2ad8800 Exception <a 'java/lang/NoSuchMethodError'{0x0000000088856348}: <clinit>> (0x0000000088856348) thrown at [t:/workspace/open/src/hotspot/share/prims/jni.cpp, line 1362]
Event: 24.530 Thread 0x000001e394306000 Exception <a 'java/lang/NoSuchMethodError'{0x0000000088ec16e0}: <clinit>> (0x0000000088ec16e0) thrown at [t:/workspace/open/src/hotspot/share/prims/jni.cpp, line 1362]

Events (10 events):
Event: 2008.371 Executing VM operation: RevokeBias done
Event: 2008.371 Executing VM operation: RevokeBias
Event: 2008.371 Executing VM operation: RevokeBias done
Event: 2008.372 Executing VM operation: RevokeBias
Event: 2008.372 Executing VM operation: RevokeBias done
Event: 2008.372 Executing VM operation: RevokeBias
Event: 2008.372 Executing VM operation: RevokeBias done
Event: 2049.924 Thread 0x000001e3f2ad8800 Uncommon trap: trap_request=0xffffff4d fr.pc=0x000001e387b0bda0 relative=0x0000000000000640
Event: 2049.924 Thread 0x000001e3f2ad8800 DEOPT PACKING pc=0x000001e387b0bda0 sp=0x0000008780efe350
Event: 2049.924 Thread 0x000001e3f2ad8800 DEOPT UNPACKING pc=0x000001e380029baf sp=0x0000008780efe330 mode 2


Dynamic libraries:
0x00007ff7c8400000 - 0x00007ff7c840f000 	C:\Program Files\Java\jdk-12\bin\java.exe
0x00007fff6b310000 - 0x00007fff6b4fd000 	C:\Windows\SYSTEM32\ntdll.dll
0x00007fff6b220000 - 0x00007fff6b2d3000 	C:\Windows\System32\KERNEL32.DLL
0x00007fff67520000 - 0x00007fff677b3000 	C:\Windows\System32\KERNELBASE.dll
0x00007fff67960000 - 0x00007fff67a5a000 	C:\Windows\System32\ucrtbase.dll
0x00007fff5bfd0000 - 0x00007fff5bfe8000 	C:\Program Files\Java\jdk-12\bin\jli.dll
0x00007fff5bfb0000 - 0x00007fff5bfc6000 	C:\Program Files\Java\jdk-12\bin\VCRUNTIME140.dll
0x00007fff68570000 - 0x00007fff68613000 	C:\Windows\System32\ADVAPI32.dll
0x00007fff68e30000 - 0x00007fff68ece000 	C:\Windows\System32\msvcrt.dll
0x00007fff6afe0000 - 0x00007fff6b07e000 	C:\Windows\System32\sechost.dll
0x00007fff68810000 - 0x00007fff68932000 	C:\Windows\System32\RPCRT4.dll
0x00007fff6b080000 - 0x00007fff6b217000 	C:\Windows\System32\USER32.dll
0x00007fff67500000 - 0x00007fff67520000 	C:\Windows\System32\win32u.dll
0x00007fff68540000 - 0x00007fff68569000 	C:\Windows\System32\GDI32.dll
0x00007fff4ec90000 - 0x00007fff4ef09000 	C:\Windows\WinSxS\amd64_microsoft.windows.common-controls_6595b64144ccf1df_6.0.17763.678_none_05b74150071d72bf\COMCTL32.dll
0x00007fff677c0000 - 0x00007fff67959000 	C:\Windows\System32\gdi32full.dll
0x00007fff67430000 - 0x00007fff674d0000 	C:\Windows\System32\msvcp_win.dll
0x00007fff6aba0000 - 0x00007fff6aecc000 	C:\Windows\System32\combase.dll
0x00007fff684a0000 - 0x00007fff6851e000 	C:\Windows\System32\bcryptPrimitives.dll
0x00007fff5b1c0000 - 0x00007fff5b1ca000 	C:\Windows\SYSTEM32\VERSION.dll
0x00007fff68b30000 - 0x00007fff68b5e000 	C:\Windows\System32\IMM32.DLL
0x00007fff5bc00000 - 0x00007fff5bcaa000 	C:\Program Files\Java\jdk-12\bin\msvcp140.dll
0x00007fff3e060000 - 0x00007fff3ebd4000 	C:\Program Files\Java\jdk-12\bin\server\jvm.dll
0x00007fff68e20000 - 0x00007fff68e28000 	C:\Windows\System32\PSAPI.DLL
0x00007fff63e70000 - 0x00007fff63e94000 	C:\Windows\SYSTEM32\WINMM.dll
0x00007fff59b30000 - 0x00007fff59b39000 	C:\Windows\SYSTEM32\WSOCK32.dll
0x00007fff68f50000 - 0x00007fff68fbd000 	C:\Windows\System32\WS2_32.dll
0x00007fff63e20000 - 0x00007fff63e4d000 	C:\Windows\SYSTEM32\WINMMBASE.dll
0x00007fff673e0000 - 0x00007fff6742a000 	C:\Windows\System32\cfgmgr32.dll
0x00007fff67310000 - 0x00007fff67321000 	C:\Windows\System32\kernel.appcore.dll
0x00007fff4e500000 - 0x00007fff4e511000 	C:\Program Files\Java\jdk-12\bin\verify.dll
0x00007fff65fc0000 - 0x00007fff661ad000 	C:\Windows\SYSTEM32\DBGHELP.DLL
0x00007fff56540000 - 0x00007fff5656a000 	C:\Windows\SYSTEM32\dbgcore.DLL
0x00007fff4e270000 - 0x00007fff4e296000 	C:\Program Files\Java\jdk-12\bin\java.dll
0x00007fff4e250000 - 0x00007fff4e267000 	C:\Program Files\Java\jdk-12\bin\zip.dll
0x00007fff4e690000 - 0x00007fff4e69a000 	C:\Program Files\Java\jdk-12\bin\jimage.dll
0x00007fff69020000 - 0x00007fff6a510000 	C:\Windows\System32\SHELL32.dll
0x00007fff68d70000 - 0x00007fff68e18000 	C:\Windows\System32\shcore.dll
0x00007fff67b10000 - 0x00007fff6825a000 	C:\Windows\System32\windows.storage.dll
0x00007fff67330000 - 0x00007fff67354000 	C:\Windows\System32\profapi.dll
0x00007fff67380000 - 0x00007fff673dd000 	C:\Windows\System32\powrprof.dll
0x00007fff68ab0000 - 0x00007fff68b02000 	C:\Windows\System32\shlwapi.dll
0x00007fff68520000 - 0x00007fff68537000 	C:\Windows\System32\cryptsp.dll
0x00007fff3fff0000 - 0x00007fff40009000 	C:\Program Files\Java\jdk-12\bin\net.dll
0x00007fff59f90000 - 0x00007fff5a082000 	C:\Windows\SYSTEM32\WINHTTP.dll
0x00007fff5e730000 - 0x00007fff5e907000 	C:\Windows\SYSTEM32\urlmon.dll
0x00007fff5b670000 - 0x00007fff5b918000 	C:\Windows\SYSTEM32\iertutil.dll
0x00007fff66d50000 - 0x00007fff66d5c000 	C:\Windows\SYSTEM32\CRYPTBASE.DLL
0x00007fff66b80000 - 0x00007fff66be7000 	C:\Windows\system32\mswsock.dll
0x00007fff3ffd0000 - 0x00007fff3ffe3000 	C:\Program Files\Java\jdk-12\bin\nio.dll
0x0000000010000000 - 0x00000000100a8000 	C:\Users\Ujjwal\.swt\lib\win32\x86_64\swt-win32-4332.dll
0x00007fff68950000 - 0x00007fff68aa5000 	C:\Windows\System32\ole32.dll
0x00007fff6a990000 - 0x00007fff6aa54000 	C:\Windows\System32\OLEAUT32.dll
0x00007fff6aa70000 - 0x00007fff6ab97000 	C:\Windows\System32\comdlg32.dll
0x00007fff68260000 - 0x00007fff6843b000 	C:\Windows\System32\CRYPT32.dll
0x00007fff67360000 - 0x00007fff67372000 	C:\Windows\System32\MSASN1.dll
0x00007fff4f190000 - 0x00007fff4f219000 	C:\Windows\SYSTEM32\WINSPOOL.DRV
0x00007fff40890000 - 0x00007fff408a9000 	C:\Windows\SYSTEM32\USP10.dll
0x00007fff511b0000 - 0x00007fff51691000 	C:\Windows\SYSTEM32\WININET.dll
0x00007fff674d0000 - 0x00007fff674f6000 	C:\Windows\System32\bcrypt.dll
0x00007fff65800000 - 0x00007fff659a8000 	C:\Windows\SYSTEM32\PROPSYS.dll
0x00007fff668a0000 - 0x00007fff668dd000 	C:\Windows\SYSTEM32\IPHLPAPI.DLL
0x00007fff64ee0000 - 0x00007fff64f7c000 	C:\Windows\system32\uxtheme.dll
0x00007fff68620000 - 0x00007fff6878b000 	C:\Windows\System32\MSCTF.dll
0x00007fff64fd0000 - 0x00007fff64ffe000 	C:\Windows\system32\dwmapi.dll
0x00007fff6af30000 - 0x00007fff6afd2000 	C:\Windows\System32\clbcatq.dll
0x00007fff38b10000 - 0x00007fff38caf000 	C:\Program Files\Java\jdk-12\bin\awt.dll
0x00007fff625a0000 - 0x00007fff62b5e000 	C:\Windows\SYSTEM32\d2d1.dll
0x00007fff64790000 - 0x00007fff6481c000 	C:\Windows\SYSTEM32\apphelp.dll
0x00007fff32580000 - 0x00007fff331e5000 	C:\Windows\System32\ieframe.dll
0x00007fff53740000 - 0x00007fff53757000 	C:\Windows\System32\NETAPI32.dll
0x00007fff61b80000 - 0x00007fff61b97000 	C:\Windows\System32\WKSCLI.DLL
0x00007fff669b0000 - 0x00007fff669be000 	C:\Windows\System32\NETUTILS.DLL
0x00007fff68790000 - 0x00007fff68805000 	C:\Windows\System32\coml2.dll
0x00007fff60410000 - 0x00007fff60466000 	C:\Windows\system32\dataexchange.dll
0x00007fff63300000 - 0x00007fff634c3000 	C:\Windows\system32\dcomp.dll
0x00007fff62d70000 - 0x00007fff62fee000 	C:\Windows\system32\d3d11.dll
0x00007fff65da0000 - 0x00007fff65e62000 	C:\Windows\system32\dxgi.dll
0x00007fff65000000 - 0x00007fff6520d000 	C:\Windows\system32\twinapi.appcore.dll
0x00007fff65230000 - 0x00007fff65258000 	C:\Windows\system32\RMCLIENT.dll
0x00007fff67170000 - 0x00007fff6720b000 	C:\Windows\SYSTEM32\sxs.dll
0x00007fff516d0000 - 0x00007fff51722000 	C:\Windows\SYSTEM32\msIso.dll
0x00007fff22200000 - 0x00007fff23879000 	C:\Windows\System32\mshtml.dll
0x00007fff67240000 - 0x00007fff6726f000 	C:\Windows\System32\SspiCli.dll
0x00007fff41a40000 - 0x00007fff41a69000 	C:\Windows\System32\srpapi.dll
0x00007fff66de0000 - 0x00007fff66e05000 	C:\Windows\SYSTEM32\WLDP.DLL
0x00007fff68440000 - 0x00007fff68499000 	C:\Windows\System32\WINTRUST.dll
0x00007fff21d40000 - 0x00007fff221f1000 	C:\Windows\System32\jscript9.dll
0x00007fff41820000 - 0x00007fff41832000 	C:\Windows\system32\msimtf.dll
0x00007fff5bbc0000 - 0x00007fff5bbf9000 	C:\Windows\System32\msls31.dll
0x00007fff57ad0000 - 0x00007fff57dcc000 	C:\Windows\System32\DWrite.dll
0x00007fff51eb0000 - 0x00007fff525eb000 	C:\Windows\SYSTEM32\d3d10warp.dll
0x00007fff562e0000 - 0x00007fff562ec000 	C:\Windows\SYSTEM32\Secur32.dll
0x00007fff4d230000 - 0x00007fff4d271000 	C:\Windows\SYSTEM32\MLANG.dll
0x00007fff59840000 - 0x00007fff598d5000 	C:\Windows\System32\TextInputFramework.dll
0x00007fff63980000 - 0x00007fff63a62000 	C:\Windows\System32\CoreMessaging.dll
0x00007fff60a30000 - 0x00007fff60d52000 	C:\Windows\System32\CoreUIComponents.dll
0x00007fff63ea0000 - 0x00007fff63ff3000 	C:\Windows\SYSTEM32\wintypes.dll
0x00007fff66380000 - 0x00007fff663b1000 	C:\Windows\SYSTEM32\ntmarta.dll
0x00007fff45fb0000 - 0x00007fff45fc6000 	C:\Windows\SYSTEM32\ondemandconnroutehelper.dll
0x00007fff5fe90000 - 0x00007fff5fe9b000 	C:\Windows\SYSTEM32\WINNSI.DLL
0x00007fff68940000 - 0x00007fff68948000 	C:\Windows\System32\NSI.dll
0x00007fff66740000 - 0x00007fff6674a000 	C:\Windows\SYSTEM32\DPAPI.DLL
0x00007fff66700000 - 0x00007fff66733000 	C:\Windows\system32\rsaenh.dll
0x00007fff668e0000 - 0x00007fff669a6000 	C:\Windows\SYSTEM32\DNSAPI.dll
0x00007fff5b140000 - 0x00007fff5b14a000 	C:\Windows\System32\rasadhlp.dll
0x00007fff59c30000 - 0x00007fff59ca9000 	C:\Windows\System32\fwpuclnt.dll
0x00007fff66630000 - 0x00007fff666b5000 	C:\Windows\system32\schannel.DLL
0x00007fff41310000 - 0x00007fff41325000 	C:\Windows\SYSTEM32\mskeyprotect.dll
0x00007fff66e50000 - 0x00007fff66e76000 	C:\Windows\SYSTEM32\ncrypt.dll
0x00007fff66e10000 - 0x00007fff66e4c000 	C:\Windows\SYSTEM32\NTASN1.dll
0x00007fff3f190000 - 0x00007fff3f1bf000 	C:\Windows\System32\cryptnet.dll
0x00007fff4fd10000 - 0x00007fff4fd34000 	C:\Windows\system32\ncryptsslp.dll
0x00007fff46050000 - 0x00007fff462ab000 	C:\Windows\System32\uiautomationcore.dll
0x00007fff59b60000 - 0x00007fff59bbc000 	C:\Windows\System32\Bcp47Langs.dll
0x00007fff63250000 - 0x00007fff63295000 	C:\Windows\SYSTEM32\edputil.dll
0x00007fff5fe30000 - 0x00007fff5fe6a000 	C:\Windows\System32\XmlLite.dll
0x00007fff1fe60000 - 0x00007fff2009b000 	C:\Windows\System32\msxml3.dll
0x00007fff57dd0000 - 0x00007fff58026000 	C:\Windows\System32\msxml6.dll
0x00007fff65c30000 - 0x00007fff65c52000 	C:\Windows\SYSTEM32\gpapi.dll
0x00007fff62b60000 - 0x00007fff62d61000 	C:\Windows\SYSTEM32\MFPlat.dll
0x00007fff63c80000 - 0x00007fff63caf000 	C:\Windows\SYSTEM32\RTWorkQ.DLL
0x00007fff5e910000 - 0x00007fff5e92f000 	C:\Windows\SYSTEM32\CompPkgSup.DLL
0x00007fff24c50000 - 0x00007fff253a2000 	C:\Windows\System32\Windows.Media.dll
0x00007fff5b2f0000 - 0x00007fff5b3cf000 	C:\Windows\System32\Windows.ApplicationModel.dll
0x00007fff60940000 - 0x00007fff60a13000 	C:\Windows\System32\AppXDeploymentClient.dll
0x00007fff60130000 - 0x00007fff601d6000 	C:\Windows\System32\StateRepository.Core.dll
0x00007fff53600000 - 0x00007fff53729000 	C:\Windows\System32\Windows.StateRepositoryPS.dll

dbghelp: loaded successfully - version: 4.0.5 - missing functions: none
symbol engine: initialized successfully - sym options: 0x614 - pdb path: .;C:\Program Files\Java\jdk-12\bin;C:\Windows\SYSTEM32;C:\Windows\WinSxS\amd64_microsoft.windows.common-controls_6595b64144ccf1df_6.0.17763.678_none_05b74150071d72bf;C:\Program Files\Java\jdk-12\bin\server;C:\Users\Ujjwal\.swt\lib\win32\x86_64

VM Arguments:
jvm_args: -Djava.library.path=C:\Program Files\Java\jdk-12\bin;C:\Windows\Sun\Java\bin;C:\Windows\system32;C:\Windows;C:/Program Files/Java/jdk-12/bin/server;C:/Program Files/Java/jdk-12/bin;C:\Windows\system32;C:\Windows;C:\Windows\System32\Wbem;C:\Windows\System32\WindowsPowerShell\v1.0\;C:\Windows\System32\OpenSSH\;C:\Program Files\nodejs\;C:\Program Files\Java\jdk-12\bin;C:\Program Files\Git\cmd;C:\Users\Ujjwal\AppData\Local\Microsoft\WindowsApps;;C:\Users\Ujjwal\AppData\Local\Programs\Microsoft VS Code\bin;C:\Users\Ujjwal\AppData\Roaming\npm;C:\Users\Ujjwal\Desktop;;. -Dnativeswing.localhostAddress=127.0.0.1 
java_command: chrriis.dj.nativeswing.swtimpl.NativeInterface 1 50186
java_class_path (initial): E:\java application\DJNativeSwing.jar;E:\java application\DJNativeSwing-SWT.jar;E:\java application\org.eclipse.swt.win32.win32.x86_64-4.3.jar
Launcher Type: SUN_STANDARD

[Global flags]
     intx CICompilerCount                          = 4                                         {product} {ergonomic}
     uint ConcGCThreads                            = 2                                         {product} {ergonomic}
     uint G1ConcRefinementThreads                  = 8                                         {product} {ergonomic}
   size_t G1HeapRegionSize                         = 1048576                                   {product} {ergonomic}
    uintx GCDrainStackTargetSize                   = 64                                        {product} {ergonomic}
   size_t InitialHeapSize                          = 134217728                                 {product} {ergonomic}
   size_t MarkStackSize                            = 4194304                                   {product} {ergonomic}
   size_t MaxHeapSize                              = 2126512128                                {product} {ergonomic}
   size_t MaxNewSize                               = 1275068416                                {product} {ergonomic}
   size_t MinHeapDeltaBytes                        = 1048576                                   {product} {ergonomic}
    uintx NonNMethodCodeHeapSize                   = 5836300                                {pd product} {ergonomic}
    uintx NonProfiledCodeHeapSize                  = 122910970                              {pd product} {ergonomic}
    uintx ProfiledCodeHeapSize                     = 122910970                              {pd product} {ergonomic}
    uintx ReservedCodeCacheSize                    = 251658240                              {pd product} {ergonomic}
     bool SegmentedCodeCache                       = true                                      {product} {ergonomic}
     bool UseCompressedClassPointers               = true                                 {lp64_product} {ergonomic}
     bool UseCompressedOops                        = true                                 {lp64_product} {ergonomic}
     bool UseG1GC                                  = true                                      {product} {ergonomic}
     bool UseLargePagesIndividualAllocation        = false                                  {pd product} {ergonomic}

Logging:
Log output configuration:
 #0: stdout all=warning uptime,level,tags
 #1: stderr all=off uptime,level,tags

Environment Variables:
PATH=C:/Program Files/Java/jdk-12/bin/server;C:/Program Files/Java/jdk-12/bin;C:\Windows\system32;C:\Windows;C:\Windows\System32\Wbem;C:\Windows\System32\WindowsPowerShell\v1.0\;C:\Windows\System32\OpenSSH\;C:\Program Files\nodejs\;C:\Program Files\Java\jdk-12\bin;C:\Program Files\Git\cmd;C:\Users\Ujjwal\AppData\Local\Microsoft\WindowsApps;;C:\Users\Ujjwal\AppData\Local\Programs\Microsoft VS Code\bin;C:\Users\Ujjwal\AppData\Roaming\npm;C:\Users\Ujjwal\Desktop;
USERNAME=Ujjwal
OS=Windows_NT
PROCESSOR_IDENTIFIER=Intel64 Family 6 Model 142 Stepping 10, GenuineIntel



---------------  S Y S T E M  ---------------

OS: Windows 10 , 64 bit Build 17763 (10.0.17763.475)

CPU:total 8 (initial active 8) (4 cores per cpu, 2 threads per core) family 6 model 142 stepping 10, cmov, cx8, fxsr, mmx, sse, sse2, sse3, ssse3, sse4.1, sse4.2, popcnt, avx, avx2, aes, clmul, erms, 3dnowpref, lzcnt, ht, tsc, tscinvbit, bmi1, bmi2, adx, fma

Memory: 4k page, system-wide physical 8108M (491M free)
TotalPageFile size 20803M (AvailPageFile size 449M)
current process WorkingSet (physical memory assigned to process): 118M, peak: 149M
current process commit charge ("private bytes"): 262M, peak: 269M

vm_info: Java HotSpot(TM) 64-Bit Server VM (12+33) for windows-amd64 JRE (12+33), built on Feb 21 2019 02:31:50 by "mach5one" with MS VC++ 15.5 (VS2017)

END.
